[ 2017-06-20T16:51:42+08:00 ] 127.0.0.1 /hammer.min.js.map
INFO: [ app_init ] --START--
INFO: Run Behavior\BuildLiteBehavior [ RunTime:0.000000s ]
INFO: [ app_init ] --END-- [ RunTime:0.001000s ]
INFO: [ app_begin ] --START--
INFO: Run Behavior\ReadHtmlCacheBehavior [ RunTime:0.001000s ]
INFO: [ app_begin ] --END-- [ RunTime:0.001000s ]

[ 2017-06-20T16:51:42+08:00 ] 127.0.0.1 /hammer.min.js.map
INFO: [ app_init ] --START--
INFO: Run Behavior\BuildLiteBehavior [ RunTime:0.000000s ]
INFO: [ app_init ] --END-- [ RunTime:0.001000s ]
INFO: [ app_begin ] --START--
INFO: Run Behavior\ReadHtmlCacheBehavior [ RunTime:0.001000s ]
INFO: [ app_begin ] --END-- [ RunTime:0.001000s ]

[ 2017-06-20T16:51:42+08:00 ] 127.0.0.1 /hammer.min.js.map
INFO: [ app_init ] --START--
INFO: Run Behavior\BuildLiteBehavior [ RunTime:0.000000s ]
INFO: [ app_init ] --END-- [ RunTime:0.000000s ]
INFO: [ app_begin ] --START--
INFO: Run Behavior\ReadHtmlCacheBehavior [ RunTime:0.001000s ]
INFO: [ app_begin ] --END-- [ RunTime:0.001000s ]

[ 2017-06-20T16:51:42+08:00 ] 127.0.0.1 /hammer.min.js.map
INFO: [ app_init ] --START--
INFO: Run Behavior\BuildLiteBehavior [ RunTime:0.000000s ]
INFO: [ app_init ] --END-- [ RunTime:0.000000s ]
INFO: [ app_begin ] --START--
INFO: Run Behavior\ReadHtmlCacheBehavior [ RunTime:0.001000s ]
INFO: [ app_begin ] --END-- [ RunTime:0.001000s ]

[ 2017-06-20T16:51:42+08:00 ] 127.0.0.1 /hammer.min.js.map
INFO: [ app_init ] --START--
INFO: Run Behavior\BuildLiteBehavior [ RunTime:0.000000s ]
INFO: [ app_init ] --END-- [ RunTime:0.001000s ]
INFO: [ app_begin ] --START--
INFO: Run Behavior\ReadHtmlCacheBehavior [ RunTime:0.001000s ]
INFO: [ app_begin ] --END-- [ RunTime:0.001000s ]

[ 2017-06-20T16:51:42+08:00 ] 127.0.0.1 /hammer.min.js.map
INFO: [ app_init ] --START--
INFO: Run Behavior\BuildLiteBehavior [ RunTime:0.000000s ]
INFO: [ app_init ] --END-- [ RunTime:0.001000s ]
INFO: [ app_begin ] --START--
INFO: Run Behavior\ReadHtmlCacheBehavior [ RunTime:0.000000s ]
INFO: [ app_begin ] --END-- [ RunTime:0.000000s ]

[ 2017-06-20T16:51:42+08:00 ] 127.0.0.1 /hammer.min.js.map
INFO: [ app_init ] --START--
INFO: Run Behavior\BuildLiteBehavior [ RunTime:0.000000s ]
INFO: [ app_init ] --END-- [ RunTime:0.001000s ]
INFO: [ app_begin ] --START--
INFO: Run Behavior\ReadHtmlCacheBehavior [ RunTime:0.000000s ]
INFO: [ app_begin ] --END-- [ RunTime:0.000000s ]

[ 2017-06-20T16:51:42+08:00 ] 127.0.0.1 /hammer.min.js.map
INFO: [ app_init ] --START--
INFO: Run Behavior\BuildLiteBehavior [ RunTime:0.000000s ]
INFO: [ app_init ] --END-- [ RunTime:0.001000s ]
INFO: [ app_begin ] --START--
INFO: Run Behavior\ReadHtmlCacheBehavior [ RunTime:0.001000s ]
INFO: [ app_begin ] --END-- [ RunTime:0.001000s ]

[ 2017-06-20T16:51:42+08:00 ] 127.0.0.1 /hammer.min.js.map
INFO: [ app_init ] --START--
INFO: Run Behavior\BuildLiteBehavior [ RunTime:0.000000s ]
INFO: [ app_init ] --END-- [ RunTime:0.000000s ]
INFO: [ app_begin ] --START--
INFO: Run Behavior\ReadHtmlCacheBehavior [ RunTime:0.000000s ]
INFO: [ app_begin ] --END-- [ RunTime:0.000000s ]

[ 2017-06-20T16:51:42+08:00 ] 127.0.0.1 /hammer.min.js.map
INFO: [ app_init ] --START--
INFO: Run Behavior\BuildLiteBehavior [ RunTime:0.000000s ]
INFO: [ app_init ] --END-- [ RunTime:0.000000s ]
INFO: [ app_begin ] --START--
INFO: Run Behavior\ReadHtmlCacheBehavior [ RunTime:0.001000s ]
INFO: [ app_begin ] --END-- [ RunTime:0.001000s ]

[ 2017-06-20T16:51:42+08:00 ] 127.0.0.1 /hammer.min.js.map
INFO: [ app_init ] --START--
INFO: Run Behavior\BuildLiteBehavior [ RunTime:0.000000s ]
INFO: [ app_init ] --END-- [ RunTime:0.000000s ]
INFO: [ app_begin ] --START--
INFO: Run Behavior\ReadHtmlCacheBehavior [ RunTime:0.000000s ]
INFO: [ app_begin ] --END-- [ RunTime:0.000000s ]

[ 2017-06-20T16:52:14+08:00 ] 127.0.0.1 /admin/checkaccount/addcheckaccount?_=1497948702029
INFO: [ app_init ] --START--
INFO: Run Behavior\BuildLiteBehavior [ RunTime:0.000000s ]
INFO: [ app_init ] --END-- [ RunTime:0.001000s ]
INFO: [ app_begin ] --START--
INFO: Run Behavior\ReadHtmlCacheBehavior [ RunTime:0.001000s ]
INFO: [ app_begin ] --END-- [ RunTime:0.001000s ]
SQL: SELECT COUNT(*) as num FROM `savor_sysmenu` where menulevel='1'  order by id desc [ RunTime:0.0010s ]
SQL: select * from `savor_sysmenu` where menulevel='1'  order by id desc limit 0,500 [ RunTime:0.0020s ]
NOTIC: [8] Undefined variable: actionId D:\phpStudy\WWW\savor_admin\Application\Admin\Controller\BaseController.class.php 第 212 行.
SQL: INSERT INTO `savor_admin_log` (`userid`,`username`,`action`,`query_string`,`ipaddr`) VALUES ('1','Admin','Checkaccount/addcheckaccount','','127.0.0.1') [ RunTime:0.0120s ]
NOTIC: [2] Missing argument 1 for Admin\Controller\BaseController::getNameByIp(), called in D:\phpStudy\WWW\savor_admin\Application\Admin\Controller\BaseController.class.php on line 16 and defined D:\phpStudy\WWW\savor_admin\Application\Admin\Controller\BaseController.class.php 第 262 行.
NOTIC: [8] Undefined variable: ip D:\phpStudy\WWW\savor_admin\Application\Admin\Controller\BaseController.class.php 第 265 行.
NOTIC: [2] Declaration of Admin\Model\AccountConfigModel::getAll($field = '*', $filter = '', $order = '', $group = '') should be compatible with Admin\Model\BaseModel::getAll($field = '*', $filter = '', $offset = 0, $limit = 10, $order = '', $group = '') D:\phpStudy\WWW\savor_admin\Application\Admin\Model\AccountConfigModel.class.php 第 12 行.
SQL: SELECT * FROM `savor_account_info` WHERE (  1=1  ) ORDER BY id desc  [ RunTime:0.0010s ]
INFO: [ view_parse ] --START--
INFO: [ template_filter ] --START--
INFO: Run Behavior\ContentReplaceBehavior [ RunTime:0.000000s ]
INFO: [ template_filter ] --END-- [ RunTime:0.000000s ]
NOTIC: [8] Undefined variable: vinfo D:\phpStudy\WWW\savor_admin\Application\Runtime\Cache\Admin\85c2858139a27d2ae7bf7807af5bbba7.php 第 24 行.
INFO: Run Behavior\ParseTemplateBehavior [ RunTime:0.009000s ]
INFO: [ view_parse ] --END-- [ RunTime:0.009000s ]
INFO: [ view_filter ] --START--
INFO: Run Behavior\WriteHtmlCacheBehavior [ RunTime:0.000000s ]
INFO: [ view_filter ] --END-- [ RunTime:0.000000s ]
INFO: [ app_end ] --START--
INFO: Run Behavior\ShowPageTraceBehavior [ RunTime:0.000000s ]
INFO: [ app_end ] --END-- [ RunTime:0.000000s ]

[ 2017-06-20T16:53:34+08:00 ] 127.0.0.1 /admin/checkaccount/doaddCheckAccount
INFO: [ app_init ] --START--
INFO: Run Behavior\BuildLiteBehavior [ RunTime:0.000000s ]
INFO: [ app_init ] --END-- [ RunTime:0.000000s ]
INFO: [ app_begin ] --START--
INFO: Run Behavior\ReadHtmlCacheBehavior [ RunTime:0.001000s ]
INFO: [ app_begin ] --END-- [ RunTime:0.001000s ]
SQL: SELECT COUNT(*) as num FROM `savor_sysmenu` where menulevel='1'  order by id desc [ RunTime:0.0010s ]
SQL: select * from `savor_sysmenu` where menulevel='1'  order by id desc limit 0,500 [ RunTime:0.0010s ]
NOTIC: [8] Undefined variable: actionId D:\phpStudy\WWW\savor_admin\Application\Admin\Controller\BaseController.class.php 第 212 行.
SQL: INSERT INTO `savor_admin_log` (`userid`,`username`,`action`,`query_string`,`ipaddr`) VALUES ('1','Admin','Checkaccount/doaddCheckAccount','{\"id\":\"\",\"fee\":\"1\",\"starttime\":\"2017-06-06\",\"endtime\":\"2017-06-07\",\"rec_addr\":\"0\",\"rec_tel\":\"0\",\"rec_head\":\"0\",\"rec_taxnum\":\"0\",\"remark\":\"W3R232\",\"accountjson\":\"\",\"ajax\":\"1\"}','127.0.0.1') [ RunTime:0.0130s ]
NOTIC: [2] Missing argument 1 for Admin\Controller\BaseController::getNameByIp(), called in D:\phpStudy\WWW\savor_admin\Application\Admin\Controller\BaseController.class.php on line 16 and defined D:\phpStudy\WWW\savor_admin\Application\Admin\Controller\BaseController.class.php 第 262 行.
NOTIC: [8] Undefined variable: ip D:\phpStudy\WWW\savor_admin\Application\Admin\Controller\BaseController.class.php 第 265 行.

[ 2017-06-20T16:59:20+08:00 ] 127.0.0.1 /admin/checkaccount/doaddCheckAccount
INFO: [ app_init ] --START--
INFO: Run Behavior\BuildLiteBehavior [ RunTime:0.000000s ]
INFO: [ app_init ] --END-- [ RunTime:0.000000s ]
INFO: [ app_begin ] --START--
INFO: Run Behavior\ReadHtmlCacheBehavior [ RunTime:0.000000s ]
INFO: [ app_begin ] --END-- [ RunTime:0.000000s ]
SQL: SELECT COUNT(*) as num FROM `savor_sysmenu` where menulevel='1'  order by id desc [ RunTime:0.0010s ]
SQL: select * from `savor_sysmenu` where menulevel='1'  order by id desc limit 0,500 [ RunTime:0.0020s ]
NOTIC: [8] Undefined variable: actionId D:\phpStudy\WWW\savor_admin\Application\Admin\Controller\BaseController.class.php 第 212 行.
SQL: INSERT INTO `savor_admin_log` (`userid`,`username`,`action`,`query_string`,`ipaddr`) VALUES ('1','Admin','Checkaccount/doaddCheckAccount','{\"id\":\"\",\"fee\":\"1\",\"starttime\":\"2017-06-06\",\"endtime\":\"2017-06-07\",\"rec_addr\":\"0\",\"rec_tel\":\"0\",\"rec_head\":\"0\",\"rec_taxnum\":\"0\",\"remark\":\"W3R232\",\"accountjson\":\"\",\"ajax\":\"1\"}','127.0.0.1') [ RunTime:0.0150s ]
NOTIC: [2] Missing argument 1 for Admin\Controller\BaseController::getNameByIp(), called in D:\phpStudy\WWW\savor_admin\Application\Admin\Controller\BaseController.class.php on line 16 and defined D:\phpStudy\WWW\savor_admin\Application\Admin\Controller\BaseController.class.php 第 262 行.
NOTIC: [8] Undefined variable: ip D:\phpStudy\WWW\savor_admin\Application\Admin\Controller\BaseController.class.php 第 265 行.
SQL: SELECT `id`,`name`,`bill_per`,`bill_tel` FROM `savor_hotel` WHERE `id` IN ('7','8','5600') AND `flag` = 0  [ RunTime:0.0010s ]
SQL: SELECT `hotel_id` FROM `savor_account_statement_detail` WHERE (  1=1 and cost_type=1 and fee_end >='2017-06-16' AND fee_start <='2017-06-20' and hotel_id in (7,8) )  [ RunTime:0.0010s ]
NOTIC: [8] Undefined index: state D:\phpStudy\WWW\savor_admin\Application\Admin\Controller\CheckaccountController.class.php 第 257 行.
SQL: SELECT * FROM `savor_sysuser` WHERE id = '1' [ RunTime:0.0010s ]
SQL: INSERT INTO `savor_account_statement` (`fee_start`,`fee_end`,`cost_type`,`receipt_addrid`,`remark`,`create_time`,`update_time`,`count`,`operatorid`) VALUES ('2017-06-16','2017-06-20','1','0','W3R232','2017-06-20 16:59:20','2017-06-20 16:59:20','2','1') [ RunTime:0.0110s ]
NOTIC: [8] Undefined index: state D:\phpStudy\WWW\savor_admin\Application\Admin\Controller\CheckaccountController.class.php 第 287 行.
NOTIC: [8] Undefined index: money D:\phpStudy\WWW\savor_admin\Application\Admin\Controller\CheckaccountController.class.php 第 286 行.

[ 2017-06-20T17:01:36+08:00 ] 127.0.0.1 /admin/checkaccount/doaddCheckAccount
INFO: [ app_init ] --START--
INFO: Run Behavior\BuildLiteBehavior [ RunTime:0.000000s ]
INFO: [ app_init ] --END-- [ RunTime:0.000000s ]
INFO: [ app_begin ] --START--
INFO: Run Behavior\ReadHtmlCacheBehavior [ RunTime:0.000000s ]
INFO: [ app_begin ] --END-- [ RunTime:0.001000s ]
SQL: SELECT COUNT(*) as num FROM `savor_sysmenu` where menulevel='1'  order by id desc [ RunTime:0.0010s ]
SQL: select * from `savor_sysmenu` where menulevel='1'  order by id desc limit 0,500 [ RunTime:0.0010s ]
NOTIC: [8] Undefined variable: actionId D:\phpStudy\WWW\savor_admin\Application\Admin\Controller\BaseController.class.php 第 212 行.
SQL: INSERT INTO `savor_admin_log` (`userid`,`username`,`action`,`query_string`,`ipaddr`) VALUES ('1','Admin','Checkaccount/doaddCheckAccount','{\"id\":\"\",\"fee\":\"1\",\"starttime\":\"2017-06-06\",\"endtime\":\"2017-06-07\",\"rec_addr\":\"0\",\"rec_tel\":\"0\",\"rec_head\":\"0\",\"rec_taxnum\":\"0\",\"remark\":\"W3R232\",\"accountjson\":\"\",\"ajax\":\"1\"}','127.0.0.1') [ RunTime:0.0130s ]
NOTIC: [2] Missing argument 1 for Admin\Controller\BaseController::getNameByIp(), called in D:\phpStudy\WWW\savor_admin\Application\Admin\Controller\BaseController.class.php on line 16 and defined D:\phpStudy\WWW\savor_admin\Application\Admin\Controller\BaseController.class.php 第 262 行.
NOTIC: [8] Undefined variable: ip D:\phpStudy\WWW\savor_admin\Application\Admin\Controller\BaseController.class.php 第 265 行.
SQL: SELECT `id`,`name`,`bill_per`,`bill_tel` FROM `savor_hotel` WHERE `id` IN ('7','8','5600') AND `flag` = 0  [ RunTime:0.0020s ]
SQL: SELECT `hotel_id` FROM `savor_account_statement_detail` WHERE (  1=1 and cost_type=1 and fee_end >='2017-06-16' AND fee_start <='2017-06-20' and hotel_id in (7,8) )  [ RunTime:0.0010s ]
NOTIC: [8] Undefined index: state D:\phpStudy\WWW\savor_admin\Application\Admin\Controller\CheckaccountController.class.php 第 257 行.
SQL: SELECT * FROM `savor_sysuser` WHERE id = '1' [ RunTime:0.0010s ]
SQL: INSERT INTO `savor_account_statement` (`fee_start`,`fee_end`,`cost_type`,`receipt_addrid`,`remark`,`create_time`,`update_time`,`count`,`operatorid`) VALUES ('2017-06-16','2017-06-20','1','0','W3R232','2017-06-20 17:01:36','2017-06-20 17:01:36','2','1') [ RunTime:0.0090s ]
NOTIC: [8] Undefined index: state D:\phpStudy\WWW\savor_admin\Application\Admin\Controller\CheckaccountController.class.php 第 287 行.
NOTIC: [8] Undefined index: money D:\phpStudy\WWW\savor_admin\Application\Admin\Controller\CheckaccountController.class.php 第 286 行.
ERR: SQLSTATE[21S01]: Insert value list does not match column list: 1136 Column count doesn't match value count at row 2

[ 2017-06-20T17:01:55+08:00 ] 127.0.0.1 /admin/checkaccount/doaddCheckAccount
INFO: [ app_init ] --START--
INFO: Run Behavior\BuildLiteBehavior [ RunTime:0.000000s ]
INFO: [ app_init ] --END-- [ RunTime:0.000000s ]
INFO: [ app_begin ] --START--
INFO: Run Behavior\ReadHtmlCacheBehavior [ RunTime:0.000000s ]
INFO: [ app_begin ] --END-- [ RunTime:0.000000s ]
SQL: SELECT COUNT(*) as num FROM `savor_sysmenu` where menulevel='1'  order by id desc [ RunTime:0.0020s ]
SQL: select * from `savor_sysmenu` where menulevel='1'  order by id desc limit 0,500 [ RunTime:0.0020s ]
NOTIC: [8] Undefined variable: actionId D:\phpStudy\WWW\savor_admin\Application\Admin\Controller\BaseController.class.php 第 212 行.
SQL: INSERT INTO `savor_admin_log` (`userid`,`username`,`action`,`query_string`,`ipaddr`) VALUES ('1','Admin','Checkaccount/doaddCheckAccount','{\"id\":\"\",\"fee\":\"1\",\"starttime\":\"2017-06-06\",\"endtime\":\"2017-06-07\",\"rec_addr\":\"0\",\"rec_tel\":\"0\",\"rec_head\":\"0\",\"rec_taxnum\":\"0\",\"remark\":\"W3R232\",\"accountjson\":\"\",\"ajax\":\"1\"}','127.0.0.1') [ RunTime:0.0120s ]
NOTIC: [2] Missing argument 1 for Admin\Controller\BaseController::getNameByIp(), called in D:\phpStudy\WWW\savor_admin\Application\Admin\Controller\BaseController.class.php on line 16 and defined D:\phpStudy\WWW\savor_admin\Application\Admin\Controller\BaseController.class.php 第 262 行.
NOTIC: [8] Undefined variable: ip D:\phpStudy\WWW\savor_admin\Application\Admin\Controller\BaseController.class.php 第 265 行.
SQL: SELECT `id`,`name`,`bill_per`,`bill_tel` FROM `savor_hotel` WHERE `id` IN ('7','8','5600') AND `flag` = 0  [ RunTime:0.0010s ]
SQL: SELECT `hotel_id` FROM `savor_account_statement_detail` WHERE (  1=1 and cost_type=1 and fee_end >='2017-06-16' AND fee_start <='2017-06-20' and hotel_id in (7,8) )  [ RunTime:0.0000s ]
NOTIC: [8] Undefined index: state D:\phpStudy\WWW\savor_admin\Application\Admin\Controller\CheckaccountController.class.php 第 257 行.
SQL: SELECT * FROM `savor_sysuser` WHERE id = '1' [ RunTime:0.0010s ]
SQL: INSERT INTO `savor_account_statement` (`fee_start`,`fee_end`,`cost_type`,`receipt_addrid`,`remark`,`create_time`,`update_time`,`count`,`operatorid`) VALUES ('2017-06-16','2017-06-20','1','0','W3R232','2017-06-20 17:01:55','2017-06-20 17:01:55','2','1') [ RunTime:0.0130s ]
NOTIC: [8] Undefined index: state D:\phpStudy\WWW\savor_admin\Application\Admin\Controller\CheckaccountController.class.php 第 287 行.
NOTIC: [8] Undefined index: money D:\phpStudy\WWW\savor_admin\Application\Admin\Controller\CheckaccountController.class.php 第 286 行.

[ 2017-06-20T17:05:37+08:00 ] 127.0.0.1 /admin/checkaccount/doaddCheckAccount
INFO: [ app_init ] --START--
INFO: Run Behavior\BuildLiteBehavior [ RunTime:0.000000s ]
INFO: [ app_init ] --END-- [ RunTime:0.000000s ]
INFO: [ app_begin ] --START--
INFO: Run Behavior\ReadHtmlCacheBehavior [ RunTime:0.001000s ]
INFO: [ app_begin ] --END-- [ RunTime:0.001000s ]
SQL: SELECT COUNT(*) as num FROM `savor_sysmenu` where menulevel='1'  order by id desc [ RunTime:0.0020s ]
SQL: select * from `savor_sysmenu` where menulevel='1'  order by id desc limit 0,500 [ RunTime:0.0060s ]
NOTIC: [8] Undefined variable: actionId D:\phpStudy\WWW\savor_admin\Application\Admin\Controller\BaseController.class.php 第 212 行.
SQL: INSERT INTO `savor_admin_log` (`userid`,`username`,`action`,`query_string`,`ipaddr`) VALUES ('1','Admin','Checkaccount/doaddCheckAccount','{\"id\":\"\",\"fee\":\"1\",\"starttime\":\"2017-06-06\",\"endtime\":\"2017-06-07\",\"rec_addr\":\"0\",\"rec_tel\":\"0\",\"rec_head\":\"0\",\"rec_taxnum\":\"0\",\"remark\":\"W3R232\",\"accountjson\":\"\",\"ajax\":\"1\"}','127.0.0.1') [ RunTime:0.0110s ]
NOTIC: [2] Missing argument 1 for Admin\Controller\BaseController::getNameByIp(), called in D:\phpStudy\WWW\savor_admin\Application\Admin\Controller\BaseController.class.php on line 16 and defined D:\phpStudy\WWW\savor_admin\Application\Admin\Controller\BaseController.class.php 第 262 行.
NOTIC: [8] Undefined variable: ip D:\phpStudy\WWW\savor_admin\Application\Admin\Controller\BaseController.class.php 第 265 行.
SQL: SELECT `id`,`name`,`bill_per`,`bill_tel` FROM `savor_hotel` WHERE `id` IN ('7','8','5600') AND `flag` = 0  [ RunTime:0.0010s ]
SQL: SELECT `hotel_id` FROM `savor_account_statement_detail` WHERE (  1=1 and cost_type=1 and fee_end >='2017-06-16' AND fee_start <='2017-06-20' and hotel_id in (7,8) )  [ RunTime:0.0010s ]
NOTIC: [8] Undefined index: state D:\phpStudy\WWW\savor_admin\Application\Admin\Controller\CheckaccountController.class.php 第 257 行.
SQL: SELECT * FROM `savor_sysuser` WHERE id = '1' [ RunTime:0.0010s ]
SQL: INSERT INTO `savor_account_statement` (`fee_start`,`fee_end`,`cost_type`,`receipt_addrid`,`remark`,`create_time`,`update_time`,`count`,`operatorid`) VALUES ('2017-06-16','2017-06-20','1','0','W3R232','2017-06-20 17:05:37','2017-06-20 17:05:37','2','1') [ RunTime:0.0130s ]
NOTIC: [8] Undefined index: money D:\phpStudy\WWW\savor_admin\Application\Admin\Controller\CheckaccountController.class.php 第 289 行.

[ 2017-06-20T17:06:16+08:00 ] 127.0.0.1 /admin/checkaccount/doaddCheckAccount
INFO: [ app_init ] --START--
INFO: Run Behavior\BuildLiteBehavior [ RunTime:0.000000s ]
INFO: [ app_init ] --END-- [ RunTime:0.000000s ]
INFO: [ app_begin ] --START--
INFO: Run Behavior\ReadHtmlCacheBehavior [ RunTime:0.000000s ]
INFO: [ app_begin ] --END-- [ RunTime:0.000000s ]
SQL: SELECT COUNT(*) as num FROM `savor_sysmenu` where menulevel='1'  order by id desc [ RunTime:0.0010s ]
SQL: select * from `savor_sysmenu` where menulevel='1'  order by id desc limit 0,500 [ RunTime:0.0020s ]
NOTIC: [8] Undefined variable: actionId D:\phpStudy\WWW\savor_admin\Application\Admin\Controller\BaseController.class.php 第 212 行.
SQL: INSERT INTO `savor_admin_log` (`userid`,`username`,`action`,`query_string`,`ipaddr`) VALUES ('1','Admin','Checkaccount/doaddCheckAccount','{\"id\":\"\",\"fee\":\"1\",\"starttime\":\"2017-06-06\",\"endtime\":\"2017-06-07\",\"rec_addr\":\"0\",\"rec_tel\":\"0\",\"rec_head\":\"0\",\"rec_taxnum\":\"0\",\"remark\":\"W3R232\",\"accountjson\":\"\",\"ajax\":\"1\"}','127.0.0.1') [ RunTime:0.0150s ]
NOTIC: [2] Missing argument 1 for Admin\Controller\BaseController::getNameByIp(), called in D:\phpStudy\WWW\savor_admin\Application\Admin\Controller\BaseController.class.php on line 16 and defined D:\phpStudy\WWW\savor_admin\Application\Admin\Controller\BaseController.class.php 第 262 行.
NOTIC: [8] Undefined variable: ip D:\phpStudy\WWW\savor_admin\Application\Admin\Controller\BaseController.class.php 第 265 行.
SQL: SELECT `id`,`name`,`bill_per`,`bill_tel` FROM `savor_hotel` WHERE `id` IN ('7','8','5600') AND `flag` = 0  [ RunTime:0.0010s ]
SQL: SELECT `hotel_id` FROM `savor_account_statement_detail` WHERE (  1=1 and cost_type=1 and fee_end >='2017-06-16' AND fee_start <='2017-06-20' and hotel_id in (7,8) )  [ RunTime:0.0010s ]
NOTIC: [8] Undefined index: state D:\phpStudy\WWW\savor_admin\Application\Admin\Controller\CheckaccountController.class.php 第 257 行.
SQL: SELECT * FROM `savor_sysuser` WHERE id = '1' [ RunTime:0.0010s ]
SQL: INSERT INTO `savor_account_statement` (`fee_start`,`fee_end`,`cost_type`,`receipt_addrid`,`remark`,`create_time`,`update_time`,`count`,`operatorid`) VALUES ('2017-06-16','2017-06-20','1','0','W3R232','2017-06-20 17:06:16','2017-06-20 17:06:16','2','1') [ RunTime:0.0130s ]
NOTIC: [8] Undefined index: money D:\phpStudy\WWW\savor_admin\Application\Admin\Controller\CheckaccountController.class.php 第 289 行.
ERR: SQLSTATE[21S01]: Insert value list does not match column list: 1136 Column count doesn't match value count at row 3

[ 2017-06-20T17:07:43+08:00 ] 127.0.0.1 /admin/checkaccount/doaddCheckAccount
INFO: [ app_init ] --START--
INFO: Run Behavior\BuildLiteBehavior [ RunTime:0.000000s ]
INFO: [ app_init ] --END-- [ RunTime:0.000000s ]
INFO: [ app_begin ] --START--
INFO: Run Behavior\ReadHtmlCacheBehavior [ RunTime:0.000000s ]
INFO: [ app_begin ] --END-- [ RunTime:0.000000s ]
SQL: SELECT COUNT(*) as num FROM `savor_sysmenu` where menulevel='1'  order by id desc [ RunTime:0.0010s ]
SQL: select * from `savor_sysmenu` where menulevel='1'  order by id desc limit 0,500 [ RunTime:0.0020s ]
NOTIC: [8] Undefined variable: actionId D:\phpStudy\WWW\savor_admin\Application\Admin\Controller\BaseController.class.php 第 212 行.
SQL: INSERT INTO `savor_admin_log` (`userid`,`username`,`action`,`query_string`,`ipaddr`) VALUES ('1','Admin','Checkaccount/doaddCheckAccount','{\"id\":\"\",\"fee\":\"1\",\"starttime\":\"2017-06-06\",\"endtime\":\"2017-06-07\",\"rec_addr\":\"0\",\"rec_tel\":\"0\",\"rec_head\":\"0\",\"rec_taxnum\":\"0\",\"remark\":\"W3R232\",\"accountjson\":\"\",\"ajax\":\"1\"}','127.0.0.1') [ RunTime:0.0160s ]
NOTIC: [2] Missing argument 1 for Admin\Controller\BaseController::getNameByIp(), called in D:\phpStudy\WWW\savor_admin\Application\Admin\Controller\BaseController.class.php on line 16 and defined D:\phpStudy\WWW\savor_admin\Application\Admin\Controller\BaseController.class.php 第 262 行.
NOTIC: [8] Undefined variable: ip D:\phpStudy\WWW\savor_admin\Application\Admin\Controller\BaseController.class.php 第 265 行.
SQL: SELECT `id`,`name`,`bill_per`,`bill_tel` FROM `savor_hotel` WHERE `id` IN ('7','8','5600') AND `flag` = 0  [ RunTime:0.0020s ]
SQL: SELECT `hotel_id` FROM `savor_account_statement_detail` WHERE (  1=1 and cost_type=1 and fee_end >='2017-06-16' AND fee_start <='2017-06-20' and hotel_id in (7,8) )  [ RunTime:0.0010s ]
NOTIC: [8] Undefined index: state D:\phpStudy\WWW\savor_admin\Application\Admin\Controller\CheckaccountController.class.php 第 257 行.
SQL: SELECT * FROM `savor_sysuser` WHERE id = '1' [ RunTime:0.0010s ]
SQL: INSERT INTO `savor_account_statement` (`fee_start`,`fee_end`,`cost_type`,`receipt_addrid`,`remark`,`create_time`,`update_time`,`count`,`operatorid`) VALUES ('2017-06-16','2017-06-20','1','0','W3R232','2017-06-20 17:07:43','2017-06-20 17:07:43','2','1') [ RunTime:0.0100s ]
NOTIC: [8] Undefined index: money D:\phpStudy\WWW\savor_admin\Application\Admin\Controller\CheckaccountController.class.php 第 289 行.
ERR: SQLSTATE[21S01]: Insert value list does not match column list: 1136 Column count doesn't match value count at row 3

[ 2017-06-20T17:09:14+08:00 ] 127.0.0.1 /admin/checkaccount/doaddCheckAccount
INFO: [ app_init ] --START--
INFO: Run Behavior\BuildLiteBehavior [ RunTime:0.000000s ]
INFO: [ app_init ] --END-- [ RunTime:0.001000s ]
INFO: [ app_begin ] --START--
INFO: Run Behavior\ReadHtmlCacheBehavior [ RunTime:0.001000s ]
INFO: [ app_begin ] --END-- [ RunTime:0.001000s ]
SQL: SELECT COUNT(*) as num FROM `savor_sysmenu` where menulevel='1'  order by id desc [ RunTime:0.0010s ]
SQL: select * from `savor_sysmenu` where menulevel='1'  order by id desc limit 0,500 [ RunTime:0.0020s ]
NOTIC: [8] Undefined variable: actionId D:\phpStudy\WWW\savor_admin\Application\Admin\Controller\BaseController.class.php 第 212 行.
SQL: INSERT INTO `savor_admin_log` (`userid`,`username`,`action`,`query_string`,`ipaddr`) VALUES ('1','Admin','Checkaccount/doaddCheckAccount','{\"id\":\"\",\"fee\":\"1\",\"starttime\":\"2017-06-06\",\"endtime\":\"2017-06-07\",\"rec_addr\":\"0\",\"rec_tel\":\"0\",\"rec_head\":\"0\",\"rec_taxnum\":\"0\",\"remark\":\"W3R232\",\"accountjson\":\"\",\"ajax\":\"1\"}','127.0.0.1') [ RunTime:0.0290s ]
NOTIC: [2] Missing argument 1 for Admin\Controller\BaseController::getNameByIp(), called in D:\phpStudy\WWW\savor_admin\Application\Admin\Controller\BaseController.class.php on line 16 and defined D:\phpStudy\WWW\savor_admin\Application\Admin\Controller\BaseController.class.php 第 262 行.
NOTIC: [8] Undefined variable: ip D:\phpStudy\WWW\savor_admin\Application\Admin\Controller\BaseController.class.php 第 265 行.
SQL: SELECT `id`,`name`,`bill_per`,`bill_tel` FROM `savor_hotel` WHERE `id` IN ('7','8','5600') AND `flag` = 0  [ RunTime:0.0010s ]
SQL: SELECT `hotel_id` FROM `savor_account_statement_detail` WHERE (  1=1 and cost_type=1 and fee_end >='2017-06-16' AND fee_start <='2017-06-20' and hotel_id in (7,8) )  [ RunTime:0.0010s ]
NOTIC: [8] Undefined index: state D:\phpStudy\WWW\savor_admin\Application\Admin\Controller\CheckaccountController.class.php 第 257 行.
SQL: SELECT * FROM `savor_sysuser` WHERE id = '1' [ RunTime:0.0010s ]
SQL: INSERT INTO `savor_account_statement` (`fee_start`,`fee_end`,`cost_type`,`receipt_addrid`,`remark`,`create_time`,`update_time`,`count`,`operatorid`) VALUES ('2017-06-16','2017-06-20','1','0','W3R232','2017-06-20 17:09:14','2017-06-20 17:09:14','2','1') [ RunTime:0.0150s ]
NOTIC: [8] Undefined index: money D:\phpStudy\WWW\savor_admin\Application\Admin\Controller\CheckaccountController.class.php 第 289 行.

[ 2017-06-20T17:10:38+08:00 ] 127.0.0.1 /admin/checkaccount/doaddCheckAccount
INFO: [ app_init ] --START--
INFO: Run Behavior\BuildLiteBehavior [ RunTime:0.000000s ]
INFO: [ app_init ] --END-- [ RunTime:0.001000s ]
INFO: [ app_begin ] --START--
INFO: Run Behavior\ReadHtmlCacheBehavior [ RunTime:0.001000s ]
INFO: [ app_begin ] --END-- [ RunTime:0.001000s ]
SQL: SELECT COUNT(*) as num FROM `savor_sysmenu` where menulevel='1'  order by id desc [ RunTime:0.0010s ]
SQL: select * from `savor_sysmenu` where menulevel='1'  order by id desc limit 0,500 [ RunTime:0.0010s ]
NOTIC: [8] Undefined variable: actionId D:\phpStudy\WWW\savor_admin\Application\Admin\Controller\BaseController.class.php 第 212 行.
SQL: INSERT INTO `savor_admin_log` (`userid`,`username`,`action`,`query_string`,`ipaddr`) VALUES ('1','Admin','Checkaccount/doaddCheckAccount','{\"id\":\"\",\"fee\":\"1\",\"starttime\":\"2017-06-06\",\"endtime\":\"2017-06-07\",\"rec_addr\":\"0\",\"rec_tel\":\"0\",\"rec_head\":\"0\",\"rec_taxnum\":\"0\",\"remark\":\"W3R232\",\"accountjson\":\"\",\"ajax\":\"1\"}','127.0.0.1') [ RunTime:0.0140s ]
NOTIC: [2] Missing argument 1 for Admin\Controller\BaseController::getNameByIp(), called in D:\phpStudy\WWW\savor_admin\Application\Admin\Controller\BaseController.class.php on line 16 and defined D:\phpStudy\WWW\savor_admin\Application\Admin\Controller\BaseController.class.php 第 262 行.
NOTIC: [8] Undefined variable: ip D:\phpStudy\WWW\savor_admin\Application\Admin\Controller\BaseController.class.php 第 265 行.
SQL: SELECT `id`,`name`,`bill_per`,`bill_tel` FROM `savor_hotel` WHERE `id` IN ('7','8','5600') AND `flag` = 0  [ RunTime:0.0010s ]
SQL: SELECT `hotel_id` FROM `savor_account_statement_detail` WHERE (  1=1 and cost_type=1 and fee_end >='2017-06-16' AND fee_start <='2017-06-20' and hotel_id in (7,8) )  [ RunTime:0.0010s ]
NOTIC: [8] Undefined index: state D:\phpStudy\WWW\savor_admin\Application\Admin\Controller\CheckaccountController.class.php 第 257 行.
SQL: SELECT * FROM `savor_sysuser` WHERE id = '1' [ RunTime:0.0020s ]
SQL: INSERT INTO `savor_account_statement` (`fee_start`,`fee_end`,`cost_type`,`receipt_addrid`,`remark`,`create_time`,`update_time`,`count`,`operatorid`) VALUES ('2017-06-16','2017-06-20','1','0','W3R232','2017-06-20 17:10:38','2017-06-20 17:10:38','2','1') [ RunTime:0.0130s ]
SQL: INSERT INTO `savor_account_statement_detail` (`hotel_id`,`check_status`,`statement_id`,`money`,`state`,`err_msg`,`fee_start`,`fee_end`,`cost_type`,`create_time`,`update_time`) VALUES ('7','0','2','18','3','','2017-06-16','2017-06-20','1','2017-06-20 17:10:38','2017-06-20 17:10:38'),('8','0','2','20333','1','','2017-06-16','2017-06-20','1','2017-06-20 17:10:38','2017-06-20 17:10:38'),('5600','0','2','0','2','','2017-06-16','2017-06-20','1','2017-06-20 17:10:38','2017-06-20 17:10:38') [ RunTime:0.0230s ]
INFO: [ app_end ] --START--
INFO: Run Behavior\ShowPageTraceBehavior [ RunTime:0.001000s ]
INFO: [ app_end ] --END-- [ RunTime:0.001000s ]

[ 2017-06-20T17:12:01+08:00 ] 127.0.0.1 /admin/checkaccount/doaddCheckAccount
INFO: [ app_init ] --START--
INFO: Run Behavior\BuildLiteBehavior [ RunTime:0.000000s ]
INFO: [ app_init ] --END-- [ RunTime:0.001000s ]
INFO: [ app_begin ] --START--
INFO: Run Behavior\ReadHtmlCacheBehavior [ RunTime:0.000000s ]
INFO: [ app_begin ] --END-- [ RunTime:0.001001s ]
SQL: SELECT COUNT(*) as num FROM `savor_sysmenu` where menulevel='1'  order by id desc [ RunTime:0.0000s ]
SQL: select * from `savor_sysmenu` where menulevel='1'  order by id desc limit 0,500 [ RunTime:0.0020s ]
NOTIC: [8] Undefined variable: actionId D:\phpStudy\WWW\savor_admin\Application\Admin\Controller\BaseController.class.php 第 212 行.
SQL: INSERT INTO `savor_admin_log` (`userid`,`username`,`action`,`query_string`,`ipaddr`) VALUES ('1','Admin','Checkaccount/doaddCheckAccount','{\"id\":\"\",\"fee\":\"1\",\"starttime\":\"2017-06-06\",\"endtime\":\"2017-06-07\",\"rec_addr\":\"0\",\"rec_tel\":\"0\",\"rec_head\":\"0\",\"rec_taxnum\":\"0\",\"remark\":\"W3R232\",\"accountjson\":\"\",\"ajax\":\"1\"}','127.0.0.1') [ RunTime:0.0100s ]
NOTIC: [2] Missing argument 1 for Admin\Controller\BaseController::getNameByIp(), called in D:\phpStudy\WWW\savor_admin\Application\Admin\Controller\BaseController.class.php on line 16 and defined D:\phpStudy\WWW\savor_admin\Application\Admin\Controller\BaseController.class.php 第 262 行.
NOTIC: [8] Undefined variable: ip D:\phpStudy\WWW\savor_admin\Application\Admin\Controller\BaseController.class.php 第 265 行.
SQL: SELECT `id`,`name`,`bill_per`,`bill_tel` FROM `savor_hotel` WHERE `id` IN ('7','8','5600') AND `flag` = 0  [ RunTime:0.0010s ]
SQL: SELECT `hotel_id` FROM `savor_account_statement_detail` WHERE (  1=1 and cost_type=1 and fee_end >='2017-06-16' AND fee_start <='2017-06-20' and hotel_id in (7,8) )  [ RunTime:0.0010s ]
NOTIC: [8] Undefined index: state D:\phpStudy\WWW\savor_admin\Application\Admin\Controller\CheckaccountController.class.php 第 257 行.
NOTIC: [8] Undefined index: state D:\phpStudy\WWW\savor_admin\Application\Admin\Controller\CheckaccountController.class.php 第 257 行.
SQL: SELECT * FROM `savor_sysuser` WHERE id = '1' [ RunTime:0.0010s ]
SQL: INSERT INTO `savor_account_statement` (`fee_start`,`fee_end`,`cost_type`,`receipt_addrid`,`remark`,`create_time`,`update_time`,`count`,`operatorid`) VALUES ('2017-06-16','2017-06-20','1','0','W3R232','2017-06-20 17:12:01','2017-06-20 17:12:01','2','1') [ RunTime:0.0090s ]
SQL: INSERT INTO `savor_account_statement_detail` (`hotel_id`,`check_status`,`statement_id`,`money`,`state`,`err_msg`,`fee_start`,`fee_end`,`cost_type`,`create_time`,`update_time`) VALUES ('7','0','1','18','1','','2017-06-16','2017-06-20','1','2017-06-20 17:12:01','2017-06-20 17:12:01'),('8','0','1','20333','1','','2017-06-16','2017-06-20','1','2017-06-20 17:12:01','2017-06-20 17:12:01'),('5600','0','1','0','2','','2017-06-16','2017-06-20','1','2017-06-20 17:12:01','2017-06-20 17:12:01') [ RunTime:0.0120s ]
INFO: [ app_end ] --START--
INFO: Run Behavior\ShowPageTraceBehavior [ RunTime:0.001000s ]
INFO: [ app_end ] --END-- [ RunTime:0.001000s ]

[ 2017-06-20T17:13:38+08:00 ] 127.0.0.1 /admin/checkaccount/doaddCheckAccount
INFO: [ app_init ] --START--
INFO: Run Behavior\BuildLiteBehavior [ RunTime:0.000000s ]
INFO: [ app_init ] --END-- [ RunTime:0.001000s ]
INFO: [ app_begin ] --START--
INFO: Run Behavior\ReadHtmlCacheBehavior [ RunTime:0.000000s ]
INFO: [ app_begin ] --END-- [ RunTime:0.000000s ]
SQL: SELECT COUNT(*) as num FROM `savor_sysmenu` where menulevel='1'  order by id desc [ RunTime:0.0010s ]
SQL: select * from `savor_sysmenu` where menulevel='1'  order by id desc limit 0,500 [ RunTime:0.0020s ]
NOTIC: [8] Undefined variable: actionId D:\phpStudy\WWW\savor_admin\Application\Admin\Controller\BaseController.class.php 第 212 行.
SQL: INSERT INTO `savor_admin_log` (`userid`,`username`,`action`,`query_string`,`ipaddr`) VALUES ('1','Admin','Checkaccount/doaddCheckAccount','{\"id\":\"\",\"fee\":\"1\",\"starttime\":\"2017-06-06\",\"endtime\":\"2017-06-07\",\"rec_addr\":\"0\",\"rec_tel\":\"0\",\"rec_head\":\"0\",\"rec_taxnum\":\"0\",\"remark\":\"W3R232\",\"accountjson\":\"\",\"ajax\":\"1\"}','127.0.0.1') [ RunTime:0.0110s ]
NOTIC: [2] Missing argument 1 for Admin\Controller\BaseController::getNameByIp(), called in D:\phpStudy\WWW\savor_admin\Application\Admin\Controller\BaseController.class.php on line 16 and defined D:\phpStudy\WWW\savor_admin\Application\Admin\Controller\BaseController.class.php 第 262 行.
NOTIC: [8] Undefined variable: ip D:\phpStudy\WWW\savor_admin\Application\Admin\Controller\BaseController.class.php 第 265 行.
SQL: SELECT `id`,`name`,`bill_per`,`bill_tel` FROM `savor_hotel` WHERE `id` IN ('7','8','5600') AND `flag` = 0  [ RunTime:0.0010s ]
SQL: SELECT `hotel_id` FROM `savor_account_statement_detail` WHERE (  1=1 and cost_type=1 and fee_end >='2017-06-16' AND fee_start <='2017-06-20' and hotel_id in (7,8) )  [ RunTime:0.0010s ]
SQL: SELECT * FROM `savor_sysuser` WHERE id = '1' [ RunTime:0.0010s ]
SQL: INSERT INTO `savor_account_statement` (`fee_start`,`fee_end`,`cost_type`,`receipt_addrid`,`remark`,`create_time`,`update_time`,`count`,`operatorid`) VALUES ('2017-06-16','2017-06-20','1','0','W3R232','2017-06-20 17:13:38','2017-06-20 17:13:38','2','1') [ RunTime:0.0120s ]
SQL: INSERT INTO `savor_account_statement_detail` (`hotel_id`,`check_status`,`statement_id`,`money`,`state`,`err_msg`,`fee_start`,`fee_end`,`cost_type`,`create_time`,`update_time`) VALUES ('5600','0','2','0','2','','2017-06-16','2017-06-20','1','2017-06-20 17:13:38','2017-06-20 17:13:38') [ RunTime:0.0170s ]
INFO: [ app_end ] --START--
INFO: Run Behavior\ShowPageTraceBehavior [ RunTime:0.000000s ]
INFO: [ app_end ] --END-- [ RunTime:0.001001s ]

[ 2017-06-20T17:18:44+08:00 ] 127.0.0.1 /admin/checkaccount/doaddCheckAccount
INFO: [ app_init ] --START--
INFO: Run Behavior\BuildLiteBehavior [ RunTime:0.000000s ]
INFO: [ app_init ] --END-- [ RunTime:0.001000s ]
INFO: [ app_begin ] --START--
INFO: Run Behavior\ReadHtmlCacheBehavior [ RunTime:0.000000s ]
INFO: [ app_begin ] --END-- [ RunTime:0.000000s ]
SQL: SELECT COUNT(*) as num FROM `savor_sysmenu` where menulevel='1'  order by id desc [ RunTime:0.0010s ]
SQL: select * from `savor_sysmenu` where menulevel='1'  order by id desc limit 0,500 [ RunTime:0.0010s ]
NOTIC: [8] Undefined variable: actionId D:\phpStudy\WWW\savor_admin\Application\Admin\Controller\BaseController.class.php 第 212 行.
SQL: INSERT INTO `savor_admin_log` (`userid`,`username`,`action`,`query_string`,`ipaddr`) VALUES ('1','Admin','Checkaccount/doaddCheckAccount','{\"id\":\"\",\"fee\":\"1\",\"starttime\":\"2017-06-06\",\"endtime\":\"2017-06-07\",\"rec_addr\":\"0\",\"rec_tel\":\"0\",\"rec_head\":\"0\",\"rec_taxnum\":\"0\",\"remark\":\"W3R232\",\"accountjson\":\"\",\"ajax\":\"1\"}','127.0.0.1') [ RunTime:0.0150s ]
NOTIC: [2] Missing argument 1 for Admin\Controller\BaseController::getNameByIp(), called in D:\phpStudy\WWW\savor_admin\Application\Admin\Controller\BaseController.class.php on line 16 and defined D:\phpStudy\WWW\savor_admin\Application\Admin\Controller\BaseController.class.php 第 262 行.
NOTIC: [8] Undefined variable: ip D:\phpStudy\WWW\savor_admin\Application\Admin\Controller\BaseController.class.php 第 265 行.
SQL: SELECT `id`,`name`,`bill_per`,`bill_tel` FROM `savor_hotel` WHERE `id` IN ('7','8','5600') AND `flag` = 0  [ RunTime:0.0010s ]
SQL: SELECT `hotel_id` FROM `savor_account_statement_detail` WHERE (  1=1 and cost_type=1 and fee_end >='2017-06-16' AND fee_start <='2017-06-20' and hotel_id in (7,8) )  [ RunTime:0.0010s ]
NOTIC: [8] Undefined index: state D:\phpStudy\WWW\savor_admin\Application\Admin\Controller\CheckaccountController.class.php 第 257 行.
NOTIC: [8] Undefined index: state D:\phpStudy\WWW\savor_admin\Application\Admin\Controller\CheckaccountController.class.php 第 257 行.
SQL: SELECT * FROM `savor_sysuser` WHERE id = '1' [ RunTime:0.0010s ]
SQL: INSERT INTO `savor_account_statement` (`fee_start`,`fee_end`,`cost_type`,`receipt_addrid`,`remark`,`create_time`,`update_time`,`count`,`operatorid`) VALUES ('2017-06-16','2017-06-20','1','0','W3R232','2017-06-20 17:18:44','2017-06-20 17:18:44','2','1') [ RunTime:0.0130s ]
SQL: SELECT COUNT(*) AS tp_count FROM `savor_account_statement_detail` WHERE `state` = 2 AND `hotel_id` = 5600 LIMIT 1   [ RunTime:0.0010s ]
SQL: INSERT INTO `savor_account_statement_detail` (`hotel_id`,`check_status`,`statement_id`,`money`,`state`,`err_msg`,`fee_start`,`fee_end`,`cost_type`,`create_time`,`update_time`) VALUES ('7','0','1','18','1','','2017-06-16','2017-06-20','1','2017-06-20 17:18:44','2017-06-20 17:18:44'),('8','0','1','20333','1','','2017-06-16','2017-06-20','1','2017-06-20 17:18:44','2017-06-20 17:18:44'),('5600','0','1','0','2','','2017-06-16','2017-06-20','1','2017-06-20 17:18:44','2017-06-20 17:18:44') [ RunTime:0.0110s ]
INFO: [ app_end ] --START--
INFO: Run Behavior\ShowPageTraceBehavior [ RunTime:0.001000s ]
INFO: [ app_end ] --END-- [ RunTime:0.001000s ]

[ 2017-06-20T17:18:56+08:00 ] 127.0.0.1 /admin/checkaccount/doaddCheckAccount
INFO: [ app_init ] --START--
INFO: Run Behavior\BuildLiteBehavior [ RunTime:0.000000s ]
INFO: [ app_init ] --END-- [ RunTime:0.000000s ]
INFO: [ app_begin ] --START--
INFO: Run Behavior\ReadHtmlCacheBehavior [ RunTime:0.001000s ]
INFO: [ app_begin ] --END-- [ RunTime:0.001000s ]
SQL: SELECT COUNT(*) as num FROM `savor_sysmenu` where menulevel='1'  order by id desc [ RunTime:0.0010s ]
SQL: select * from `savor_sysmenu` where menulevel='1'  order by id desc limit 0,500 [ RunTime:0.0020s ]
NOTIC: [8] Undefined variable: actionId D:\phpStudy\WWW\savor_admin\Application\Admin\Controller\BaseController.class.php 第 212 行.
SQL: INSERT INTO `savor_admin_log` (`userid`,`username`,`action`,`query_string`,`ipaddr`) VALUES ('1','Admin','Checkaccount/doaddCheckAccount','{\"id\":\"\",\"fee\":\"1\",\"starttime\":\"2017-06-06\",\"endtime\":\"2017-06-07\",\"rec_addr\":\"0\",\"rec_tel\":\"0\",\"rec_head\":\"0\",\"rec_taxnum\":\"0\",\"remark\":\"W3R232\",\"accountjson\":\"\",\"ajax\":\"1\"}','127.0.0.1') [ RunTime:0.0100s ]
NOTIC: [2] Missing argument 1 for Admin\Controller\BaseController::getNameByIp(), called in D:\phpStudy\WWW\savor_admin\Application\Admin\Controller\BaseController.class.php on line 16 and defined D:\phpStudy\WWW\savor_admin\Application\Admin\Controller\BaseController.class.php 第 262 行.
NOTIC: [8] Undefined variable: ip D:\phpStudy\WWW\savor_admin\Application\Admin\Controller\BaseController.class.php 第 265 行.
SQL: SELECT `id`,`name`,`bill_per`,`bill_tel` FROM `savor_hotel` WHERE `id` IN ('7','8','5600') AND `flag` = 0  [ RunTime:0.0010s ]
SQL: SELECT `hotel_id` FROM `savor_account_statement_detail` WHERE (  1=1 and cost_type=1 and fee_end >='2017-06-16' AND fee_start <='2017-06-20' and hotel_id in (7,8) )  [ RunTime:0.0010s ]
NOTIC: [8] Undefined index: state D:\phpStudy\WWW\savor_admin\Application\Admin\Controller\CheckaccountController.class.php 第 257 行.
NOTIC: [8] Undefined index: state D:\phpStudy\WWW\savor_admin\Application\Admin\Controller\CheckaccountController.class.php 第 257 行.
SQL: SELECT * FROM `savor_sysuser` WHERE id = '1' [ RunTime:0.0010s ]
SQL: INSERT INTO `savor_account_statement` (`fee_start`,`fee_end`,`cost_type`,`receipt_addrid`,`remark`,`create_time`,`update_time`,`count`,`operatorid`) VALUES ('2017-06-16','2017-06-20','1','0','W3R232','2017-06-20 17:18:56','2017-06-20 17:18:56','2','1') [ RunTime:0.0120s ]
SQL: SELECT COUNT(*) AS tp_count FROM `savor_account_statement_detail` WHERE `state` = 2 AND `hotel_id` = 5600 LIMIT 1   [ RunTime:0.0010s ]
SQL: INSERT INTO `savor_account_statement_detail` (`hotel_id`,`check_status`,`statement_id`,`money`,`state`,`err_msg`,`fee_start`,`fee_end`,`cost_type`,`create_time`,`update_time`) VALUES ('7','0','1','18','1','','2017-06-16','2017-06-20','1','2017-06-20 17:18:56','2017-06-20 17:18:56'),('8','0','1','20333','1','','2017-06-16','2017-06-20','1','2017-06-20 17:18:56','2017-06-20 17:18:56'),('5600','0','1','0','2','','2017-06-16','2017-06-20','1','2017-06-20 17:18:56','2017-06-20 17:18:56') [ RunTime:0.0140s ]
INFO: [ app_end ] --START--
INFO: Run Behavior\ShowPageTraceBehavior [ RunTime:0.001000s ]
INFO: [ app_end ] --END-- [ RunTime:0.001000s ]

[ 2017-06-20T17:19:19+08:00 ] 127.0.0.1 /admin/checkaccount/doaddCheckAccount
INFO: [ app_init ] --START--
INFO: Run Behavior\BuildLiteBehavior [ RunTime:0.000000s ]
INFO: [ app_init ] --END-- [ RunTime:0.000000s ]
INFO: [ app_begin ] --START--
INFO: Run Behavior\ReadHtmlCacheBehavior [ RunTime:0.002001s ]
INFO: [ app_begin ] --END-- [ RunTime:0.002001s ]
SQL: SELECT COUNT(*) as num FROM `savor_sysmenu` where menulevel='1'  order by id desc [ RunTime:0.0020s ]
SQL: select * from `savor_sysmenu` where menulevel='1'  order by id desc limit 0,500 [ RunTime:0.0030s ]
NOTIC: [8] Undefined variable: actionId D:\phpStudy\WWW\savor_admin\Application\Admin\Controller\BaseController.class.php 第 212 行.
SQL: INSERT INTO `savor_admin_log` (`userid`,`username`,`action`,`query_string`,`ipaddr`) VALUES ('1','Admin','Checkaccount/doaddCheckAccount','{\"id\":\"\",\"fee\":\"1\",\"starttime\":\"2017-06-06\",\"endtime\":\"2017-06-07\",\"rec_addr\":\"0\",\"rec_tel\":\"0\",\"rec_head\":\"0\",\"rec_taxnum\":\"0\",\"remark\":\"W3R232\",\"accountjson\":\"\",\"ajax\":\"1\"}','127.0.0.1') [ RunTime:0.0150s ]
NOTIC: [2] Missing argument 1 for Admin\Controller\BaseController::getNameByIp(), called in D:\phpStudy\WWW\savor_admin\Application\Admin\Controller\BaseController.class.php on line 16 and defined D:\phpStudy\WWW\savor_admin\Application\Admin\Controller\BaseController.class.php 第 262 行.
NOTIC: [8] Undefined variable: ip D:\phpStudy\WWW\savor_admin\Application\Admin\Controller\BaseController.class.php 第 265 行.
SQL: SELECT `id`,`name`,`bill_per`,`bill_tel` FROM `savor_hotel` WHERE `id` IN ('7','8','5600') AND `flag` = 0  [ RunTime:0.0020s ]
SQL: SELECT `hotel_id` FROM `savor_account_statement_detail` WHERE (  1=1 and cost_type=1 and fee_end >='2017-06-16' AND fee_start <='2017-06-20' and hotel_id in (7,8) )  [ RunTime:0.0010s ]
SQL: SELECT * FROM `savor_sysuser` WHERE id = '1' [ RunTime:0.0010s ]
SQL: INSERT INTO `savor_account_statement` (`fee_start`,`fee_end`,`cost_type`,`receipt_addrid`,`remark`,`create_time`,`update_time`,`count`,`operatorid`) VALUES ('2017-06-16','2017-06-20','1','0','W3R232','2017-06-20 17:19:19','2017-06-20 17:19:19','2','1') [ RunTime:0.0120s ]
SQL: SELECT COUNT(*) AS tp_count FROM `savor_account_statement_detail` WHERE `state` = 2 AND `hotel_id` = 5600 LIMIT 1   [ RunTime:0.0010s ]
SQL: INSERT INTO `savor_account_statement_detail` (`hotel_id`,`check_status`,`statement_id`,`money`,`state`,`err_msg`,`fee_start`,`fee_end`,`cost_type`,`create_time`,`update_time`) VALUES ('5600','0','2','0','2','','2017-06-16','2017-06-20','1','2017-06-20 17:19:19','2017-06-20 17:19:19') [ RunTime:0.0230s ]
INFO: [ app_end ] --START--
INFO: Run Behavior\ShowPageTraceBehavior [ RunTime:0.001000s ]
INFO: [ app_end ] --END-- [ RunTime:0.001000s ]

[ 2017-06-20T17:20:06+08:00 ] 127.0.0.1 /admin/checkaccount/doaddCheckAccount
INFO: [ app_init ] --START--
INFO: Run Behavior\BuildLiteBehavior [ RunTime:0.000000s ]
INFO: [ app_init ] --END-- [ RunTime:0.001000s ]
INFO: [ app_begin ] --START--
INFO: Run Behavior\ReadHtmlCacheBehavior [ RunTime:0.001000s ]
INFO: [ app_begin ] --END-- [ RunTime:0.001000s ]
SQL: SELECT COUNT(*) as num FROM `savor_sysmenu` where menulevel='1'  order by id desc [ RunTime:0.0010s ]
SQL: select * from `savor_sysmenu` where menulevel='1'  order by id desc limit 0,500 [ RunTime:0.0020s ]
NOTIC: [8] Undefined variable: actionId D:\phpStudy\WWW\savor_admin\Application\Admin\Controller\BaseController.class.php 第 212 行.
SQL: INSERT INTO `savor_admin_log` (`userid`,`username`,`action`,`query_string`,`ipaddr`) VALUES ('1','Admin','Checkaccount/doaddCheckAccount','{\"id\":\"\",\"fee\":\"1\",\"starttime\":\"2017-06-06\",\"endtime\":\"2017-06-07\",\"rec_addr\":\"0\",\"rec_tel\":\"0\",\"rec_head\":\"0\",\"rec_taxnum\":\"0\",\"remark\":\"W3R232\",\"accountjson\":\"\",\"ajax\":\"1\"}','127.0.0.1') [ RunTime:0.0110s ]
NOTIC: [2] Missing argument 1 for Admin\Controller\BaseController::getNameByIp(), called in D:\phpStudy\WWW\savor_admin\Application\Admin\Controller\BaseController.class.php on line 16 and defined D:\phpStudy\WWW\savor_admin\Application\Admin\Controller\BaseController.class.php 第 262 行.
NOTIC: [8] Undefined variable: ip D:\phpStudy\WWW\savor_admin\Application\Admin\Controller\BaseController.class.php 第 265 行.
SQL: SELECT `id`,`name`,`bill_per`,`bill_tel` FROM `savor_hotel` WHERE `id` IN ('7','8','5600') AND `flag` = 0  [ RunTime:0.0010s ]
SQL: SELECT `hotel_id` FROM `savor_account_statement_detail` WHERE (  1=1 and cost_type=1 and fee_end >='2017-06-16' AND fee_start <='2017-06-20' and hotel_id in (7,8) )  [ RunTime:0.0000s ]
NOTIC: [8] Undefined index: state D:\phpStudy\WWW\savor_admin\Application\Admin\Controller\CheckaccountController.class.php 第 257 行.
NOTIC: [8] Undefined index: state D:\phpStudy\WWW\savor_admin\Application\Admin\Controller\CheckaccountController.class.php 第 257 行.
SQL: SELECT * FROM `savor_sysuser` WHERE id = '1' [ RunTime:0.0010s ]
SQL: INSERT INTO `savor_account_statement` (`fee_start`,`fee_end`,`cost_type`,`receipt_addrid`,`remark`,`create_time`,`update_time`,`count`,`operatorid`) VALUES ('2017-06-16','2017-06-20','1','0','W3R232','2017-06-20 17:20:06','2017-06-20 17:20:06','2','1') [ RunTime:0.0130s ]
SQL: SELECT COUNT(*) AS tp_count FROM `savor_account_statement_detail` WHERE `state` = 2 AND `hotel_id` = 5600 LIMIT 1   [ RunTime:0.0010s ]
SQL: INSERT INTO `savor_account_statement_detail` (`hotel_id`,`check_status`,`statement_id`,`money`,`state`,`err_msg`,`fee_start`,`fee_end`,`cost_type`,`create_time`,`update_time`) VALUES ('7','0','1','18','1','','2017-06-16','2017-06-20','1','2017-06-20 17:20:06','2017-06-20 17:20:06'),('8','0','1','20333','1','','2017-06-16','2017-06-20','1','2017-06-20 17:20:06','2017-06-20 17:20:06'),('5600','0','1','0','2','','2017-06-16','2017-06-20','1','2017-06-20 17:20:06','2017-06-20 17:20:06') [ RunTime:0.0110s ]
INFO: [ app_end ] --START--
INFO: Run Behavior\ShowPageTraceBehavior [ RunTime:0.001001s ]
INFO: [ app_end ] --END-- [ RunTime:0.001001s ]

[ 2017-06-20T17:20:11+08:00 ] 127.0.0.1 /admin/checkaccount/doaddCheckAccount
INFO: [ app_init ] --START--
INFO: Run Behavior\BuildLiteBehavior [ RunTime:0.000000s ]
INFO: [ app_init ] --END-- [ RunTime:0.000000s ]
INFO: [ app_begin ] --START--
INFO: Run Behavior\ReadHtmlCacheBehavior [ RunTime:0.001000s ]
INFO: [ app_begin ] --END-- [ RunTime:0.001000s ]
SQL: SELECT COUNT(*) as num FROM `savor_sysmenu` where menulevel='1'  order by id desc [ RunTime:0.0010s ]
SQL: select * from `savor_sysmenu` where menulevel='1'  order by id desc limit 0,500 [ RunTime:0.0010s ]
NOTIC: [8] Undefined variable: actionId D:\phpStudy\WWW\savor_admin\Application\Admin\Controller\BaseController.class.php 第 212 行.
SQL: INSERT INTO `savor_admin_log` (`userid`,`username`,`action`,`query_string`,`ipaddr`) VALUES ('1','Admin','Checkaccount/doaddCheckAccount','{\"id\":\"\",\"fee\":\"1\",\"starttime\":\"2017-06-06\",\"endtime\":\"2017-06-07\",\"rec_addr\":\"0\",\"rec_tel\":\"0\",\"rec_head\":\"0\",\"rec_taxnum\":\"0\",\"remark\":\"W3R232\",\"accountjson\":\"\",\"ajax\":\"1\"}','127.0.0.1') [ RunTime:0.0100s ]
NOTIC: [2] Missing argument 1 for Admin\Controller\BaseController::getNameByIp(), called in D:\phpStudy\WWW\savor_admin\Application\Admin\Controller\BaseController.class.php on line 16 and defined D:\phpStudy\WWW\savor_admin\Application\Admin\Controller\BaseController.class.php 第 262 行.
NOTIC: [8] Undefined variable: ip D:\phpStudy\WWW\savor_admin\Application\Admin\Controller\BaseController.class.php 第 265 行.
SQL: SELECT `id`,`name`,`bill_per`,`bill_tel` FROM `savor_hotel` WHERE `id` IN ('7','8','5600') AND `flag` = 0  [ RunTime:0.0010s ]
SQL: SELECT `hotel_id` FROM `savor_account_statement_detail` WHERE (  1=1 and cost_type=1 and fee_end >='2017-06-16' AND fee_start <='2017-06-20' and hotel_id in (7,8) )  [ RunTime:0.0010s ]
SQL: SELECT * FROM `savor_sysuser` WHERE id = '1' [ RunTime:0.0010s ]
SQL: INSERT INTO `savor_account_statement` (`fee_start`,`fee_end`,`cost_type`,`receipt_addrid`,`remark`,`create_time`,`update_time`,`count`,`operatorid`) VALUES ('2017-06-16','2017-06-20','1','0','W3R232','2017-06-20 17:20:11','2017-06-20 17:20:11','2','1') [ RunTime:0.0130s ]
SQL: SELECT COUNT(*) AS tp_count FROM `savor_account_statement_detail` WHERE `state` = 2 AND `hotel_id` = 5600 LIMIT 1   [ RunTime:0.0010s ]
INFO: [ app_end ] --START--
INFO: Run Behavior\ShowPageTraceBehavior [ RunTime:0.001000s ]
INFO: [ app_end ] --END-- [ RunTime:0.001000s ]

[ 2017-06-20T17:57:13+08:00 ] 127.0.0.1 /admin/checkaccount/doaddCheckAccount
INFO: [ app_init ] --START--
INFO: Run Behavior\BuildLiteBehavior [ RunTime:0.000000s ]
INFO: [ app_init ] --END-- [ RunTime:0.001000s ]
INFO: [ app_begin ] --START--
INFO: Run Behavior\ReadHtmlCacheBehavior [ RunTime:0.001000s ]
INFO: [ app_begin ] --END-- [ RunTime:0.001000s ]
SQL: SELECT COUNT(*) as num FROM `savor_sysmenu` where menulevel='1'  order by id desc [ RunTime:0.0010s ]
SQL: select * from `savor_sysmenu` where menulevel='1'  order by id desc limit 0,500 [ RunTime:0.0010s ]
NOTIC: [8] Undefined variable: actionId D:\phpStudy\WWW\savor_admin\Application\Admin\Controller\BaseController.class.php 第 212 行.
SQL: INSERT INTO `savor_admin_log` (`userid`,`username`,`action`,`query_string`,`ipaddr`) VALUES ('1','Admin','Checkaccount/doaddCheckAccount','{\"id\":\"\",\"fee\":\"1\",\"starttime\":\"2017-06-06\",\"endtime\":\"2017-06-07\",\"rec_addr\":\"0\",\"rec_tel\":\"0\",\"rec_head\":\"0\",\"rec_taxnum\":\"0\",\"remark\":\"W3R232\",\"accountjson\":\"\",\"ajax\":\"1\"}','127.0.0.1') [ RunTime:0.0120s ]
NOTIC: [2] Missing argument 1 for Admin\Controller\BaseController::getNameByIp(), called in D:\phpStudy\WWW\savor_admin\Application\Admin\Controller\BaseController.class.php on line 16 and defined D:\phpStudy\WWW\savor_admin\Application\Admin\Controller\BaseController.class.php 第 262 行.
NOTIC: [8] Undefined variable: ip D:\phpStudy\WWW\savor_admin\Application\Admin\Controller\BaseController.class.php 第 265 行.
SQL: SELECT `id`,`name`,`bill_per`,`bill_tel` FROM `savor_hotel` WHERE `id` IN ('7','8','5600') AND `flag` = 0  [ RunTime:0.0020s ]
SQL: SELECT `hotel_id` FROM `savor_account_statement_detail` WHERE (  1=1 and cost_type=1 and fee_end >='2017-06-16' AND fee_start <='2017-06-20' and hotel_id in (7,8) )  [ RunTime:0.0010s ]
NOTIC: [8] Undefined index: state D:\phpStudy\WWW\savor_admin\Application\Admin\Controller\CheckaccountController.class.php 第 257 行.
NOTIC: [8] Undefined index: state D:\phpStudy\WWW\savor_admin\Application\Admin\Controller\CheckaccountController.class.php 第 257 行.
SQL: SELECT * FROM `savor_sysuser` WHERE id = '1' [ RunTime:0.0010s ]
SQL: INSERT INTO `savor_account_statement` (`fee_start`,`fee_end`,`cost_type`,`receipt_addrid`,`remark`,`create_time`,`update_time`,`count`,`operatorid`) VALUES ('2017-06-16','2017-06-20','1','0','W3R232','2017-06-20 17:57:13','2017-06-20 17:57:13','2','1') [ RunTime:0.0120s ]
SQL: SELECT COUNT(*) AS tp_count FROM `savor_account_statement_detail` WHERE `state` = 2 AND `hotel_id` = 5600 LIMIT 1   [ RunTime:0.0010s ]
SQL: INSERT INTO `savor_account_statement_detail` (`hotel_id`,`check_status`,`statement_id`,`money`,`state`,`err_msg`,`fee_start`,`fee_end`,`cost_type`,`create_time`,`update_time`) VALUES ('7','0','1','18','1','','2017-06-16','2017-06-20','1','2017-06-20 17:57:13','2017-06-20 17:57:13'),('8','0','1','20333','1','','2017-06-16','2017-06-20','1','2017-06-20 17:57:13','2017-06-20 17:57:13'),('5600','0','1','0','2','','2017-06-16','2017-06-20','1','2017-06-20 17:57:13','2017-06-20 17:57:13') [ RunTime:0.0100s ]
ERR: SQLSTATE[42S22]: Column not found: 1054 Unknown column 'statement_id' in 'where clause'

[ 2017-06-20T17:57:19+08:00 ] 127.0.0.1 /admin/checkaccount/doaddCheckAccount
INFO: [ app_init ] --START--
INFO: Run Behavior\BuildLiteBehavior [ RunTime:0.000000s ]
INFO: [ app_init ] --END-- [ RunTime:0.000000s ]
INFO: [ app_begin ] --START--
INFO: Run Behavior\ReadHtmlCacheBehavior [ RunTime:0.001000s ]
INFO: [ app_begin ] --END-- [ RunTime:0.001000s ]
SQL: SELECT COUNT(*) as num FROM `savor_sysmenu` where menulevel='1'  order by id desc [ RunTime:0.0010s ]
SQL: select * from `savor_sysmenu` where menulevel='1'  order by id desc limit 0,500 [ RunTime:0.0010s ]
NOTIC: [8] Undefined variable: actionId D:\phpStudy\WWW\savor_admin\Application\Admin\Controller\BaseController.class.php 第 212 行.
SQL: INSERT INTO `savor_admin_log` (`userid`,`username`,`action`,`query_string`,`ipaddr`) VALUES ('1','Admin','Checkaccount/doaddCheckAccount','{\"id\":\"\",\"fee\":\"1\",\"starttime\":\"2017-06-06\",\"endtime\":\"2017-06-07\",\"rec_addr\":\"0\",\"rec_tel\":\"0\",\"rec_head\":\"0\",\"rec_taxnum\":\"0\",\"remark\":\"W3R232\",\"accountjson\":\"\",\"ajax\":\"1\"}','127.0.0.1') [ RunTime:0.0110s ]
NOTIC: [2] Missing argument 1 for Admin\Controller\BaseController::getNameByIp(), called in D:\phpStudy\WWW\savor_admin\Application\Admin\Controller\BaseController.class.php on line 16 and defined D:\phpStudy\WWW\savor_admin\Application\Admin\Controller\BaseController.class.php 第 262 行.
NOTIC: [8] Undefined variable: ip D:\phpStudy\WWW\savor_admin\Application\Admin\Controller\BaseController.class.php 第 265 行.
SQL: SELECT `id`,`name`,`bill_per`,`bill_tel` FROM `savor_hotel` WHERE `id` IN ('7','8','5600') AND `flag` = 0  [ RunTime:0.0010s ]
SQL: SELECT `hotel_id` FROM `savor_account_statement_detail` WHERE (  1=1 and cost_type=1 and fee_end >='2017-06-16' AND fee_start <='2017-06-20' and hotel_id in (7,8) )  [ RunTime:0.0010s ]
NOTIC: [8] Undefined index: state D:\phpStudy\WWW\savor_admin\Application\Admin\Controller\CheckaccountController.class.php 第 257 行.
NOTIC: [8] Undefined index: state D:\phpStudy\WWW\savor_admin\Application\Admin\Controller\CheckaccountController.class.php 第 257 行.
SQL: SELECT * FROM `savor_sysuser` WHERE id = '1' [ RunTime:0.0010s ]
SQL: INSERT INTO `savor_account_statement` (`fee_start`,`fee_end`,`cost_type`,`receipt_addrid`,`remark`,`create_time`,`update_time`,`count`,`operatorid`) VALUES ('2017-06-16','2017-06-20','1','0','W3R232','2017-06-20 17:57:19','2017-06-20 17:57:19','2','1') [ RunTime:0.0130s ]
SQL: SELECT COUNT(*) AS tp_count FROM `savor_account_statement_detail` WHERE `state` = 2 AND `hotel_id` = 5600 LIMIT 1   [ RunTime:0.0010s ]
SQL: INSERT INTO `savor_account_statement_detail` (`hotel_id`,`check_status`,`statement_id`,`money`,`state`,`err_msg`,`fee_start`,`fee_end`,`cost_type`,`create_time`,`update_time`) VALUES ('7','0','1','18','1','','2017-06-16','2017-06-20','1','2017-06-20 17:57:19','2017-06-20 17:57:19'),('8','0','1','20333','1','','2017-06-16','2017-06-20','1','2017-06-20 17:57:19','2017-06-20 17:57:19'),('5600','0','1','0','2','','2017-06-16','2017-06-20','1','2017-06-20 17:57:19','2017-06-20 17:57:19') [ RunTime:0.0110s ]
ERR: SQLSTATE[42S22]: Column not found: 1054 Unknown column 'statement_id' in 'where clause'

[ 2017-06-20T17:58:17+08:00 ] 127.0.0.1 /admin/checkaccount/doaddCheckAccount
INFO: [ app_init ] --START--
INFO: Run Behavior\BuildLiteBehavior [ RunTime:0.000000s ]
INFO: [ app_init ] --END-- [ RunTime:0.001000s ]
INFO: [ app_begin ] --START--
INFO: Run Behavior\ReadHtmlCacheBehavior [ RunTime:0.001000s ]
INFO: [ app_begin ] --END-- [ RunTime:0.001000s ]
SQL: SELECT COUNT(*) as num FROM `savor_sysmenu` where menulevel='1'  order by id desc [ RunTime:0.0000s ]
SQL: select * from `savor_sysmenu` where menulevel='1'  order by id desc limit 0,500 [ RunTime:0.0020s ]
NOTIC: [8] Undefined variable: actionId D:\phpStudy\WWW\savor_admin\Application\Admin\Controller\BaseController.class.php 第 212 行.
SQL: INSERT INTO `savor_admin_log` (`userid`,`username`,`action`,`query_string`,`ipaddr`) VALUES ('1','Admin','Checkaccount/doaddCheckAccount','{\"id\":\"\",\"fee\":\"1\",\"starttime\":\"2017-06-06\",\"endtime\":\"2017-06-07\",\"rec_addr\":\"0\",\"rec_tel\":\"0\",\"rec_head\":\"0\",\"rec_taxnum\":\"0\",\"remark\":\"W3R232\",\"accountjson\":\"\",\"ajax\":\"1\"}','127.0.0.1') [ RunTime:0.0140s ]
NOTIC: [2] Missing argument 1 for Admin\Controller\BaseController::getNameByIp(), called in D:\phpStudy\WWW\savor_admin\Application\Admin\Controller\BaseController.class.php on line 16 and defined D:\phpStudy\WWW\savor_admin\Application\Admin\Controller\BaseController.class.php 第 262 行.
NOTIC: [8] Undefined variable: ip D:\phpStudy\WWW\savor_admin\Application\Admin\Controller\BaseController.class.php 第 265 行.
SQL: SELECT `id`,`name`,`bill_per`,`bill_tel` FROM `savor_hotel` WHERE `id` IN ('7','8','5600') AND `flag` = 0  [ RunTime:0.0010s ]
SQL: SELECT `hotel_id` FROM `savor_account_statement_detail` WHERE (  1=1 and cost_type=1 and fee_end >='2017-06-16' AND fee_start <='2017-06-20' and hotel_id in (7,8) )  [ RunTime:0.0010s ]
NOTIC: [8] Undefined index: state D:\phpStudy\WWW\savor_admin\Application\Admin\Controller\CheckaccountController.class.php 第 257 行.
NOTIC: [8] Undefined index: state D:\phpStudy\WWW\savor_admin\Application\Admin\Controller\CheckaccountController.class.php 第 257 行.
SQL: SELECT * FROM `savor_sysuser` WHERE id = '1' [ RunTime:0.0010s ]
SQL: INSERT INTO `savor_account_statement` (`fee_start`,`fee_end`,`cost_type`,`receipt_addrid`,`remark`,`create_time`,`update_time`,`count`,`operatorid`) VALUES ('2017-06-16','2017-06-20','1','0','W3R232','2017-06-20 17:58:17','2017-06-20 17:58:17','2','1') [ RunTime:0.0130s ]
SQL: SELECT COUNT(*) AS tp_count FROM `savor_account_statement_detail` WHERE `state` = 2 AND `hotel_id` = 5600 LIMIT 1   [ RunTime:0.0010s ]
SQL: INSERT INTO `savor_account_statement_detail` (`hotel_id`,`check_status`,`statement_id`,`money`,`state`,`err_msg`,`fee_start`,`fee_end`,`cost_type`,`create_time`,`update_time`) VALUES ('7','0','1','18','1','','2017-06-16','2017-06-20','1','2017-06-20 17:58:17','2017-06-20 17:58:17'),('8','0','1','20333','1','','2017-06-16','2017-06-20','1','2017-06-20 17:58:17','2017-06-20 17:58:17'),('5600','0','1','0','2','','2017-06-16','2017-06-20','1','2017-06-20 17:58:17','2017-06-20 17:58:17') [ RunTime:0.0110s ]
ERR: SQLSTATE[42S22]: Column not found: 1054 Unknown column 'statement_id' in 'where clause'

[ 2017-06-20T17:59:09+08:00 ] 127.0.0.1 /admin/checkaccount/doaddCheckAccount
INFO: [ app_init ] --START--
INFO: Run Behavior\BuildLiteBehavior [ RunTime:0.000000s ]
INFO: [ app_init ] --END-- [ RunTime:0.000000s ]
INFO: [ app_begin ] --START--
INFO: Run Behavior\ReadHtmlCacheBehavior [ RunTime:0.000000s ]
INFO: [ app_begin ] --END-- [ RunTime:0.000000s ]
SQL: SELECT COUNT(*) as num FROM `savor_sysmenu` where menulevel='1'  order by id desc [ RunTime:0.0010s ]
SQL: select * from `savor_sysmenu` where menulevel='1'  order by id desc limit 0,500 [ RunTime:0.0010s ]
NOTIC: [8] Undefined variable: actionId D:\phpStudy\WWW\savor_admin\Application\Admin\Controller\BaseController.class.php 第 212 行.
SQL: INSERT INTO `savor_admin_log` (`userid`,`username`,`action`,`query_string`,`ipaddr`) VALUES ('1','Admin','Checkaccount/doaddCheckAccount','{\"id\":\"\",\"fee\":\"1\",\"starttime\":\"2017-06-06\",\"endtime\":\"2017-06-07\",\"rec_addr\":\"0\",\"rec_tel\":\"0\",\"rec_head\":\"0\",\"rec_taxnum\":\"0\",\"remark\":\"W3R232\",\"accountjson\":\"\",\"ajax\":\"1\"}','127.0.0.1') [ RunTime:0.0110s ]
NOTIC: [2] Missing argument 1 for Admin\Controller\BaseController::getNameByIp(), called in D:\phpStudy\WWW\savor_admin\Application\Admin\Controller\BaseController.class.php on line 16 and defined D:\phpStudy\WWW\savor_admin\Application\Admin\Controller\BaseController.class.php 第 262 行.
NOTIC: [8] Undefined variable: ip D:\phpStudy\WWW\savor_admin\Application\Admin\Controller\BaseController.class.php 第 265 行.
SQL: SELECT `id`,`name`,`bill_per`,`bill_tel` FROM `savor_hotel` WHERE `id` IN ('7','8','5600') AND `flag` = 0  [ RunTime:0.0010s ]
SQL: SELECT `hotel_id` FROM `savor_account_statement_detail` WHERE (  1=1 and cost_type=1 and fee_end >='2017-06-16' AND fee_start <='2017-06-20' and hotel_id in (7,8) )  [ RunTime:0.0010s ]
NOTIC: [8] Undefined index: state D:\phpStudy\WWW\savor_admin\Application\Admin\Controller\CheckaccountController.class.php 第 257 行.
NOTIC: [8] Undefined index: state D:\phpStudy\WWW\savor_admin\Application\Admin\Controller\CheckaccountController.class.php 第 257 行.
SQL: SELECT * FROM `savor_sysuser` WHERE id = '1' [ RunTime:0.0010s ]
SQL: INSERT INTO `savor_account_statement` (`fee_start`,`fee_end`,`cost_type`,`receipt_addrid`,`remark`,`create_time`,`update_time`,`count`,`operatorid`) VALUES ('2017-06-16','2017-06-20','1','0','W3R232','2017-06-20 17:59:09','2017-06-20 17:59:09','2','1') [ RunTime:0.0120s ]
SQL: SELECT COUNT(*) AS tp_count FROM `savor_account_statement_detail` WHERE `state` = 2 AND `hotel_id` = 5600 LIMIT 1   [ RunTime:0.0000s ]
SQL: INSERT INTO `savor_account_statement_detail` (`hotel_id`,`check_status`,`statement_id`,`money`,`state`,`err_msg`,`fee_start`,`fee_end`,`cost_type`,`create_time`,`update_time`) VALUES ('7','0','1','18','1','','2017-06-16','2017-06-20','1','2017-06-20 17:59:09','2017-06-20 17:59:09'),('8','0','1','20333','1','','2017-06-16','2017-06-20','1','2017-06-20 17:59:09','2017-06-20 17:59:09'),('5600','0','1','0','2','','2017-06-16','2017-06-20','1','2017-06-20 17:59:09','2017-06-20 17:59:09') [ RunTime:0.0150s ]
ERR: SQLSTATE[42S22]: Column not found: 1054 Unknown column 'fee' in 'where clause'

[ 2017-06-20T17:59:46+08:00 ] 127.0.0.1 /admin/checkaccount/doaddCheckAccount
INFO: [ app_init ] --START--
INFO: Run Behavior\BuildLiteBehavior [ RunTime:0.000000s ]
INFO: [ app_init ] --END-- [ RunTime:0.000000s ]
INFO: [ app_begin ] --START--
INFO: Run Behavior\ReadHtmlCacheBehavior [ RunTime:0.001000s ]
INFO: [ app_begin ] --END-- [ RunTime:0.001000s ]
SQL: SELECT COUNT(*) as num FROM `savor_sysmenu` where menulevel='1'  order by id desc [ RunTime:0.0010s ]
SQL: select * from `savor_sysmenu` where menulevel='1'  order by id desc limit 0,500 [ RunTime:0.0010s ]
NOTIC: [8] Undefined variable: actionId D:\phpStudy\WWW\savor_admin\Application\Admin\Controller\BaseController.class.php 第 212 行.
SQL: INSERT INTO `savor_admin_log` (`userid`,`username`,`action`,`query_string`,`ipaddr`) VALUES ('1','Admin','Checkaccount/doaddCheckAccount','{\"id\":\"\",\"fee\":\"1\",\"starttime\":\"2017-06-06\",\"endtime\":\"2017-06-07\",\"rec_addr\":\"0\",\"rec_tel\":\"0\",\"rec_head\":\"0\",\"rec_taxnum\":\"0\",\"remark\":\"W3R232\",\"accountjson\":\"\",\"ajax\":\"1\"}','127.0.0.1') [ RunTime:0.0140s ]
NOTIC: [2] Missing argument 1 for Admin\Controller\BaseController::getNameByIp(), called in D:\phpStudy\WWW\savor_admin\Application\Admin\Controller\BaseController.class.php on line 16 and defined D:\phpStudy\WWW\savor_admin\Application\Admin\Controller\BaseController.class.php 第 262 行.
NOTIC: [8] Undefined variable: ip D:\phpStudy\WWW\savor_admin\Application\Admin\Controller\BaseController.class.php 第 265 行.
SQL: SELECT `id`,`name`,`bill_per`,`bill_tel` FROM `savor_hotel` WHERE `id` IN ('7','8','5600') AND `flag` = 0  [ RunTime:0.0010s ]
SQL: SELECT `hotel_id` FROM `savor_account_statement_detail` WHERE (  1=1 and cost_type=1 and fee_end >='2017-06-16' AND fee_start <='2017-06-20' and hotel_id in (7,8) )  [ RunTime:0.0010s ]

[ 2017-06-20T17:59:57+08:00 ] 127.0.0.1 /admin/checkaccount/doaddCheckAccount
INFO: [ app_init ] --START--
INFO: Run Behavior\BuildLiteBehavior [ RunTime:0.000000s ]
INFO: [ app_init ] --END-- [ RunTime:0.000000s ]
INFO: [ app_begin ] --START--
INFO: Run Behavior\ReadHtmlCacheBehavior [ RunTime:0.000000s ]
INFO: [ app_begin ] --END-- [ RunTime:0.000000s ]
SQL: SELECT COUNT(*) as num FROM `savor_sysmenu` where menulevel='1'  order by id desc [ RunTime:0.0010s ]
SQL: select * from `savor_sysmenu` where menulevel='1'  order by id desc limit 0,500 [ RunTime:0.0010s ]
NOTIC: [8] Undefined variable: actionId D:\phpStudy\WWW\savor_admin\Application\Admin\Controller\BaseController.class.php 第 212 行.
SQL: INSERT INTO `savor_admin_log` (`userid`,`username`,`action`,`query_string`,`ipaddr`) VALUES ('1','Admin','Checkaccount/doaddCheckAccount','{\"id\":\"\",\"fee\":\"1\",\"starttime\":\"2017-06-06\",\"endtime\":\"2017-06-07\",\"rec_addr\":\"0\",\"rec_tel\":\"0\",\"rec_head\":\"0\",\"rec_taxnum\":\"0\",\"remark\":\"W3R232\",\"accountjson\":\"\",\"ajax\":\"1\"}','127.0.0.1') [ RunTime:0.0150s ]
NOTIC: [2] Missing argument 1 for Admin\Controller\BaseController::getNameByIp(), called in D:\phpStudy\WWW\savor_admin\Application\Admin\Controller\BaseController.class.php on line 16 and defined D:\phpStudy\WWW\savor_admin\Application\Admin\Controller\BaseController.class.php 第 262 行.
NOTIC: [8] Undefined variable: ip D:\phpStudy\WWW\savor_admin\Application\Admin\Controller\BaseController.class.php 第 265 行.
SQL: SELECT `id`,`name`,`bill_per`,`bill_tel` FROM `savor_hotel` WHERE `id` IN ('7','8','5600') AND `flag` = 0  [ RunTime:0.0010s ]
SQL: SELECT `hotel_id` FROM `savor_account_statement_detail` WHERE (  1=1 and cost_type=1 and fee_end >='2017-06-16' AND fee_start <='2017-06-20' and hotel_id in (7,8) )  [ RunTime:0.0010s ]

[ 2017-06-20T18:00:08+08:00 ] 127.0.0.1 /admin/checkaccount/doaddCheckAccount
INFO: [ app_init ] --START--
INFO: Run Behavior\BuildLiteBehavior [ RunTime:0.000000s ]
INFO: [ app_init ] --END-- [ RunTime:0.001000s ]
INFO: [ app_begin ] --START--
INFO: Run Behavior\ReadHtmlCacheBehavior [ RunTime:0.001000s ]
INFO: [ app_begin ] --END-- [ RunTime:0.001000s ]
SQL: SELECT COUNT(*) as num FROM `savor_sysmenu` where menulevel='1'  order by id desc [ RunTime:0.0010s ]
SQL: select * from `savor_sysmenu` where menulevel='1'  order by id desc limit 0,500 [ RunTime:0.0010s ]
NOTIC: [8] Undefined variable: actionId D:\phpStudy\WWW\savor_admin\Application\Admin\Controller\BaseController.class.php 第 212 行.
SQL: INSERT INTO `savor_admin_log` (`userid`,`username`,`action`,`query_string`,`ipaddr`) VALUES ('1','Admin','Checkaccount/doaddCheckAccount','{\"id\":\"\",\"fee\":\"1\",\"starttime\":\"2017-06-06\",\"endtime\":\"2017-06-07\",\"rec_addr\":\"0\",\"rec_tel\":\"0\",\"rec_head\":\"0\",\"rec_taxnum\":\"0\",\"remark\":\"W3R232\",\"accountjson\":\"\",\"ajax\":\"1\"}','127.0.0.1') [ RunTime:0.0150s ]
NOTIC: [2] Missing argument 1 for Admin\Controller\BaseController::getNameByIp(), called in D:\phpStudy\WWW\savor_admin\Application\Admin\Controller\BaseController.class.php on line 16 and defined D:\phpStudy\WWW\savor_admin\Application\Admin\Controller\BaseController.class.php 第 262 行.
NOTIC: [8] Undefined variable: ip D:\phpStudy\WWW\savor_admin\Application\Admin\Controller\BaseController.class.php 第 265 行.
SQL: SELECT `id`,`name`,`bill_per`,`bill_tel` FROM `savor_hotel` WHERE `id` IN ('7','8','5600') AND `flag` = 0  [ RunTime:0.0010s ]
SQL: SELECT `hotel_id` FROM `savor_account_statement_detail` WHERE (  1=1 and cost_type=1 and fee_end >='2017-06-16' AND fee_start <='2017-06-20' and hotel_id in (7,8) )  [ RunTime:0.0010s ]
SQL: SELECT * FROM `savor_sysuser` WHERE id = '1' [ RunTime:0.0020s ]
SQL: INSERT INTO `savor_account_statement` (`fee_start`,`fee_end`,`cost_type`,`receipt_addrid`,`remark`,`create_time`,`update_time`,`count`,`operatorid`) VALUES ('2017-06-16','2017-06-20','1','0','W3R232','2017-06-20 18:00:08','2017-06-20 18:00:08','2','1') [ RunTime:0.0080s ]

[ 2017-06-20T18:00:15+08:00 ] 127.0.0.1 /admin/checkaccount/doaddCheckAccount
INFO: [ app_init ] --START--
INFO: Run Behavior\BuildLiteBehavior [ RunTime:0.000000s ]
INFO: [ app_init ] --END-- [ RunTime:0.000000s ]
INFO: [ app_begin ] --START--
INFO: Run Behavior\ReadHtmlCacheBehavior [ RunTime:0.001000s ]
INFO: [ app_begin ] --END-- [ RunTime:0.001000s ]
SQL: SELECT COUNT(*) as num FROM `savor_sysmenu` where menulevel='1'  order by id desc [ RunTime:0.0010s ]
SQL: select * from `savor_sysmenu` where menulevel='1'  order by id desc limit 0,500 [ RunTime:0.0020s ]
NOTIC: [8] Undefined variable: actionId D:\phpStudy\WWW\savor_admin\Application\Admin\Controller\BaseController.class.php 第 212 行.
SQL: INSERT INTO `savor_admin_log` (`userid`,`username`,`action`,`query_string`,`ipaddr`) VALUES ('1','Admin','Checkaccount/doaddCheckAccount','{\"id\":\"\",\"fee\":\"1\",\"starttime\":\"2017-06-06\",\"endtime\":\"2017-06-07\",\"rec_addr\":\"0\",\"rec_tel\":\"0\",\"rec_head\":\"0\",\"rec_taxnum\":\"0\",\"remark\":\"W3R232\",\"accountjson\":\"\",\"ajax\":\"1\"}','127.0.0.1') [ RunTime:0.0120s ]
NOTIC: [2] Missing argument 1 for Admin\Controller\BaseController::getNameByIp(), called in D:\phpStudy\WWW\savor_admin\Application\Admin\Controller\BaseController.class.php on line 16 and defined D:\phpStudy\WWW\savor_admin\Application\Admin\Controller\BaseController.class.php 第 262 行.
NOTIC: [8] Undefined variable: ip D:\phpStudy\WWW\savor_admin\Application\Admin\Controller\BaseController.class.php 第 265 行.
SQL: SELECT `id`,`name`,`bill_per`,`bill_tel` FROM `savor_hotel` WHERE `id` IN ('7','8','5600') AND `flag` = 0  [ RunTime:0.0010s ]
SQL: SELECT `hotel_id` FROM `savor_account_statement_detail` WHERE (  1=1 and cost_type=1 and fee_end >='2017-06-16' AND fee_start <='2017-06-20' and hotel_id in (7,8) )  [ RunTime:0.0010s ]
NOTIC: [8] Undefined index: state D:\phpStudy\WWW\savor_admin\Application\Admin\Controller\CheckaccountController.class.php 第 257 行.
NOTIC: [8] Undefined index: state D:\phpStudy\WWW\savor_admin\Application\Admin\Controller\CheckaccountController.class.php 第 257 行.
SQL: SELECT * FROM `savor_sysuser` WHERE id = '1' [ RunTime:0.0010s ]
SQL: INSERT INTO `savor_account_statement` (`fee_start`,`fee_end`,`cost_type`,`receipt_addrid`,`remark`,`create_time`,`update_time`,`count`,`operatorid`) VALUES ('2017-06-16','2017-06-20','1','0','W3R232','2017-06-20 18:00:15','2017-06-20 18:00:15','2','1') [ RunTime:0.0080s ]

[ 2017-06-20T18:00:41+08:00 ] 127.0.0.1 /admin/checkaccount/doaddCheckAccount
INFO: [ app_init ] --START--
INFO: Run Behavior\BuildLiteBehavior [ RunTime:0.000000s ]
INFO: [ app_init ] --END-- [ RunTime:0.001000s ]
INFO: [ app_begin ] --START--
INFO: Run Behavior\ReadHtmlCacheBehavior [ RunTime:0.001000s ]
INFO: [ app_begin ] --END-- [ RunTime:0.001000s ]
SQL: SELECT COUNT(*) as num FROM `savor_sysmenu` where menulevel='1'  order by id desc [ RunTime:0.0010s ]
SQL: select * from `savor_sysmenu` where menulevel='1'  order by id desc limit 0,500 [ RunTime:0.0020s ]
NOTIC: [8] Undefined variable: actionId D:\phpStudy\WWW\savor_admin\Application\Admin\Controller\BaseController.class.php 第 212 行.
SQL: INSERT INTO `savor_admin_log` (`userid`,`username`,`action`,`query_string`,`ipaddr`) VALUES ('1','Admin','Checkaccount/doaddCheckAccount','{\"id\":\"\",\"fee\":\"1\",\"starttime\":\"2017-06-06\",\"endtime\":\"2017-06-07\",\"rec_addr\":\"0\",\"rec_tel\":\"0\",\"rec_head\":\"0\",\"rec_taxnum\":\"0\",\"remark\":\"W3R232\",\"accountjson\":\"\",\"ajax\":\"1\"}','127.0.0.1') [ RunTime:0.0120s ]
NOTIC: [2] Missing argument 1 for Admin\Controller\BaseController::getNameByIp(), called in D:\phpStudy\WWW\savor_admin\Application\Admin\Controller\BaseController.class.php on line 16 and defined D:\phpStudy\WWW\savor_admin\Application\Admin\Controller\BaseController.class.php 第 262 行.
NOTIC: [8] Undefined variable: ip D:\phpStudy\WWW\savor_admin\Application\Admin\Controller\BaseController.class.php 第 265 行.
SQL: SELECT `id`,`name`,`bill_per`,`bill_tel` FROM `savor_hotel` WHERE `id` IN ('7','8','5600') AND `flag` = 0  [ RunTime:0.0010s ]
SQL: SELECT `hotel_id` FROM `savor_account_statement_detail` WHERE (  1=1 and cost_type=1 and fee_end >='2017-06-16' AND fee_start <='2017-06-20' and hotel_id in (7,8) )  [ RunTime:0.0010s ]
NOTIC: [8] Undefined index: state D:\phpStudy\WWW\savor_admin\Application\Admin\Controller\CheckaccountController.class.php 第 257 行.
NOTIC: [8] Undefined index: state D:\phpStudy\WWW\savor_admin\Application\Admin\Controller\CheckaccountController.class.php 第 257 行.
SQL: SELECT * FROM `savor_sysuser` WHERE id = '1' [ RunTime:0.0010s ]
SQL: INSERT INTO `savor_account_statement` (`fee_start`,`fee_end`,`cost_type`,`receipt_addrid`,`remark`,`create_time`,`update_time`,`count`,`operatorid`) VALUES ('2017-06-16','2017-06-20','1','0','W3R232','2017-06-20 18:00:41','2017-06-20 18:00:41','2','1') [ RunTime:0.0090s ]
SQL: SELECT COUNT(*) AS tp_count FROM `savor_account_statement_detail` WHERE `state` = 2 AND `hotel_id` = 5600 LIMIT 1   [ RunTime:0.0010s ]
SQL: INSERT INTO `savor_account_statement_detail` (`hotel_id`,`check_status`,`statement_id`,`money`,`state`,`err_msg`,`fee_start`,`fee_end`,`cost_type`,`create_time`,`update_time`) VALUES ('7','0','2','18','1','','2017-06-16','2017-06-20','1','2017-06-20 18:00:41','2017-06-20 18:00:41'),('8','0','2','20333','1','','2017-06-16','2017-06-20','1','2017-06-20 18:00:41','2017-06-20 18:00:41'),('5600','0','2','0','2','','2017-06-16','2017-06-20','1','2017-06-20 18:00:41','2017-06-20 18:00:41') [ RunTime:0.0150s ]

[ 2017-06-20T18:00:48+08:00 ] 127.0.0.1 /admin/checkaccount/doaddCheckAccount
INFO: [ app_init ] --START--
INFO: Run Behavior\BuildLiteBehavior [ RunTime:0.000000s ]
INFO: [ app_init ] --END-- [ RunTime:0.001000s ]
INFO: [ app_begin ] --START--
INFO: Run Behavior\ReadHtmlCacheBehavior [ RunTime:0.001000s ]
INFO: [ app_begin ] --END-- [ RunTime:0.001000s ]
SQL: SELECT COUNT(*) as num FROM `savor_sysmenu` where menulevel='1'  order by id desc [ RunTime:0.0010s ]
SQL: select * from `savor_sysmenu` where menulevel='1'  order by id desc limit 0,500 [ RunTime:0.0020s ]
NOTIC: [8] Undefined variable: actionId D:\phpStudy\WWW\savor_admin\Application\Admin\Controller\BaseController.class.php 第 212 行.
SQL: INSERT INTO `savor_admin_log` (`userid`,`username`,`action`,`query_string`,`ipaddr`) VALUES ('1','Admin','Checkaccount/doaddCheckAccount','{\"id\":\"\",\"fee\":\"1\",\"starttime\":\"2017-06-06\",\"endtime\":\"2017-06-07\",\"rec_addr\":\"0\",\"rec_tel\":\"0\",\"rec_head\":\"0\",\"rec_taxnum\":\"0\",\"remark\":\"W3R232\",\"accountjson\":\"\",\"ajax\":\"1\"}','127.0.0.1') [ RunTime:0.0100s ]
NOTIC: [2] Missing argument 1 for Admin\Controller\BaseController::getNameByIp(), called in D:\phpStudy\WWW\savor_admin\Application\Admin\Controller\BaseController.class.php on line 16 and defined D:\phpStudy\WWW\savor_admin\Application\Admin\Controller\BaseController.class.php 第 262 行.
NOTIC: [8] Undefined variable: ip D:\phpStudy\WWW\savor_admin\Application\Admin\Controller\BaseController.class.php 第 265 行.
SQL: SELECT `id`,`name`,`bill_per`,`bill_tel` FROM `savor_hotel` WHERE `id` IN ('7','8','5600') AND `flag` = 0  [ RunTime:0.0020s ]
SQL: SELECT `hotel_id` FROM `savor_account_statement_detail` WHERE (  1=1 and cost_type=1 and fee_end >='2017-06-16' AND fee_start <='2017-06-20' and hotel_id in (7,8) )  [ RunTime:0.0010s ]
NOTIC: [8] Undefined index: state D:\phpStudy\WWW\savor_admin\Application\Admin\Controller\CheckaccountController.class.php 第 257 行.
NOTIC: [8] Undefined index: state D:\phpStudy\WWW\savor_admin\Application\Admin\Controller\CheckaccountController.class.php 第 257 行.
SQL: SELECT * FROM `savor_sysuser` WHERE id = '1' [ RunTime:0.0010s ]
SQL: INSERT INTO `savor_account_statement` (`fee_start`,`fee_end`,`cost_type`,`receipt_addrid`,`remark`,`create_time`,`update_time`,`count`,`operatorid`) VALUES ('2017-06-16','2017-06-20','1','0','W3R232','2017-06-20 18:00:48','2017-06-20 18:00:48','2','1') [ RunTime:0.0090s ]
SQL: SELECT COUNT(*) AS tp_count FROM `savor_account_statement_detail` WHERE `state` = 2 AND `hotel_id` = 5600 LIMIT 1   [ RunTime:0.0010s ]
SQL: INSERT INTO `savor_account_statement_detail` (`hotel_id`,`check_status`,`statement_id`,`money`,`state`,`err_msg`,`fee_start`,`fee_end`,`cost_type`,`create_time`,`update_time`) VALUES ('7','0','1','18','1','','2017-06-16','2017-06-20','1','2017-06-20 18:00:48','2017-06-20 18:00:48'),('8','0','1','20333','1','','2017-06-16','2017-06-20','1','2017-06-20 18:00:48','2017-06-20 18:00:48'),('5600','0','1','0','2','','2017-06-16','2017-06-20','1','2017-06-20 18:00:48','2017-06-20 18:00:48') [ RunTime:0.0110s ]

[ 2017-06-20T18:01:10+08:00 ] 127.0.0.1 /admin/checkaccount/doaddCheckAccount
INFO: [ app_init ] --START--
INFO: Run Behavior\BuildLiteBehavior [ RunTime:0.000000s ]
INFO: [ app_init ] --END-- [ RunTime:0.000000s ]
INFO: [ app_begin ] --START--
INFO: Run Behavior\ReadHtmlCacheBehavior [ RunTime:0.001000s ]
INFO: [ app_begin ] --END-- [ RunTime:0.001000s ]
SQL: SELECT COUNT(*) as num FROM `savor_sysmenu` where menulevel='1'  order by id desc [ RunTime:0.0010s ]
SQL: select * from `savor_sysmenu` where menulevel='1'  order by id desc limit 0,500 [ RunTime:0.0020s ]
NOTIC: [8] Undefined variable: actionId D:\phpStudy\WWW\savor_admin\Application\Admin\Controller\BaseController.class.php 第 212 行.
SQL: INSERT INTO `savor_admin_log` (`userid`,`username`,`action`,`query_string`,`ipaddr`) VALUES ('1','Admin','Checkaccount/doaddCheckAccount','{\"id\":\"\",\"fee\":\"1\",\"starttime\":\"2017-06-06\",\"endtime\":\"2017-06-07\",\"rec_addr\":\"0\",\"rec_tel\":\"0\",\"rec_head\":\"0\",\"rec_taxnum\":\"0\",\"remark\":\"W3R232\",\"accountjson\":\"\",\"ajax\":\"1\"}','127.0.0.1') [ RunTime:0.0130s ]
NOTIC: [2] Missing argument 1 for Admin\Controller\BaseController::getNameByIp(), called in D:\phpStudy\WWW\savor_admin\Application\Admin\Controller\BaseController.class.php on line 16 and defined D:\phpStudy\WWW\savor_admin\Application\Admin\Controller\BaseController.class.php 第 262 行.
NOTIC: [8] Undefined variable: ip D:\phpStudy\WWW\savor_admin\Application\Admin\Controller\BaseController.class.php 第 265 行.
SQL: SELECT `id`,`name`,`bill_per`,`bill_tel` FROM `savor_hotel` WHERE `id` IN ('7','8','5600') AND `flag` = 0  [ RunTime:0.0010s ]
SQL: SELECT `hotel_id` FROM `savor_account_statement_detail` WHERE (  1=1 and cost_type=1 and fee_end >='2017-06-16' AND fee_start <='2017-06-20' and hotel_id in (7,8) )  [ RunTime:0.0010s ]
NOTIC: [8] Undefined index: state D:\phpStudy\WWW\savor_admin\Application\Admin\Controller\CheckaccountController.class.php 第 257 行.
NOTIC: [8] Undefined index: state D:\phpStudy\WWW\savor_admin\Application\Admin\Controller\CheckaccountController.class.php 第 257 行.
SQL: SELECT * FROM `savor_sysuser` WHERE id = '1' [ RunTime:0.0010s ]
SQL: INSERT INTO `savor_account_statement` (`fee_start`,`fee_end`,`cost_type`,`receipt_addrid`,`remark`,`create_time`,`update_time`,`count`,`operatorid`) VALUES ('2017-06-16','2017-06-20','1','0','W3R232','2017-06-20 18:01:10','2017-06-20 18:01:10','2','1') [ RunTime:0.0090s ]
SQL: SELECT COUNT(*) AS tp_count FROM `savor_account_statement_detail` WHERE `state` = 2 AND `hotel_id` = 5600 LIMIT 1   [ RunTime:0.0010s ]
SQL: INSERT INTO `savor_account_statement_detail` (`hotel_id`,`check_status`,`statement_id`,`money`,`state`,`err_msg`,`fee_start`,`fee_end`,`cost_type`,`create_time`,`update_time`) VALUES ('7','0','1','18','1','','2017-06-16','2017-06-20','1','2017-06-20 18:01:10','2017-06-20 18:01:10'),('8','0','1','20333','1','','2017-06-16','2017-06-20','1','2017-06-20 18:01:10','2017-06-20 18:01:10'),('5600','0','1','0','2','','2017-06-16','2017-06-20','1','2017-06-20 18:01:10','2017-06-20 18:01:10') [ RunTime:0.0110s ]
ERR: SQLSTATE[42S22]: Column not found: 1054 Unknown column 'fee' in 'where clause'

[ 2017-06-20T18:01:47+08:00 ] 127.0.0.1 /admin/checkaccount/doaddCheckAccount
INFO: [ app_init ] --START--
INFO: Run Behavior\BuildLiteBehavior [ RunTime:0.000000s ]
INFO: [ app_init ] --END-- [ RunTime:0.000000s ]
INFO: [ app_begin ] --START--
INFO: Run Behavior\ReadHtmlCacheBehavior [ RunTime:0.001000s ]
INFO: [ app_begin ] --END-- [ RunTime:0.001000s ]
SQL: SELECT COUNT(*) as num FROM `savor_sysmenu` where menulevel='1'  order by id desc [ RunTime:0.0010s ]
SQL: select * from `savor_sysmenu` where menulevel='1'  order by id desc limit 0,500 [ RunTime:0.0020s ]
NOTIC: [8] Undefined variable: actionId D:\phpStudy\WWW\savor_admin\Application\Admin\Controller\BaseController.class.php 第 212 行.
SQL: INSERT INTO `savor_admin_log` (`userid`,`username`,`action`,`query_string`,`ipaddr`) VALUES ('1','Admin','Checkaccount/doaddCheckAccount','{\"id\":\"\",\"fee\":\"1\",\"starttime\":\"2017-06-06\",\"endtime\":\"2017-06-07\",\"rec_addr\":\"0\",\"rec_tel\":\"0\",\"rec_head\":\"0\",\"rec_taxnum\":\"0\",\"remark\":\"W3R232\",\"accountjson\":\"\",\"ajax\":\"1\"}','127.0.0.1') [ RunTime:0.0140s ]
NOTIC: [2] Missing argument 1 for Admin\Controller\BaseController::getNameByIp(), called in D:\phpStudy\WWW\savor_admin\Application\Admin\Controller\BaseController.class.php on line 16 and defined D:\phpStudy\WWW\savor_admin\Application\Admin\Controller\BaseController.class.php 第 262 行.
NOTIC: [8] Undefined variable: ip D:\phpStudy\WWW\savor_admin\Application\Admin\Controller\BaseController.class.php 第 265 行.
SQL: SELECT `id`,`name`,`bill_per`,`bill_tel` FROM `savor_hotel` WHERE `id` IN ('7','8','5600') AND `flag` = 0  [ RunTime:0.0010s ]
SQL: SELECT `hotel_id` FROM `savor_account_statement_detail` WHERE (  1=1 and cost_type=1 and fee_end >='2017-06-16' AND fee_start <='2017-06-20' and hotel_id in (7,8) )  [ RunTime:0.0010s ]
NOTIC: [8] Undefined index: state D:\phpStudy\WWW\savor_admin\Application\Admin\Controller\CheckaccountController.class.php 第 257 行.
NOTIC: [8] Undefined index: state D:\phpStudy\WWW\savor_admin\Application\Admin\Controller\CheckaccountController.class.php 第 257 行.
SQL: SELECT * FROM `savor_sysuser` WHERE id = '1' [ RunTime:0.0010s ]
SQL: INSERT INTO `savor_account_statement` (`fee_start`,`fee_end`,`cost_type`,`receipt_addrid`,`remark`,`create_time`,`update_time`,`count`,`operatorid`) VALUES ('2017-06-16','2017-06-20','1','0','W3R232','2017-06-20 18:01:47','2017-06-20 18:01:47','2','1') [ RunTime:0.0100s ]
SQL: SELECT COUNT(*) AS tp_count FROM `savor_account_statement_detail` WHERE `state` = 2 AND `hotel_id` = 5600 LIMIT 1   [ RunTime:0.0010s ]
SQL: INSERT INTO `savor_account_statement_detail` (`hotel_id`,`check_status`,`statement_id`,`money`,`state`,`err_msg`,`fee_start`,`fee_end`,`cost_type`,`create_time`,`update_time`) VALUES ('7','0','1','18','1','','2017-06-16','2017-06-20','1','2017-06-20 18:01:47','2017-06-20 18:01:47'),('8','0','1','20333','1','','2017-06-16','2017-06-20','1','2017-06-20 18:01:47','2017-06-20 18:01:47'),('5600','0','1','0','2','','2017-06-16','2017-06-20','1','2017-06-20 18:01:47','2017-06-20 18:01:47') [ RunTime:0.0110s ]
ERR: SQLSTATE[42S22]: Column not found: 1054 Unknown column 'statement_id' in 'where clause'

[ 2017-06-20T18:02:14+08:00 ] 127.0.0.1 /admin/checkaccount/doaddCheckAccount
INFO: [ app_init ] --START--
INFO: Run Behavior\BuildLiteBehavior [ RunTime:0.000000s ]
INFO: [ app_init ] --END-- [ RunTime:0.000000s ]
INFO: [ app_begin ] --START--
INFO: Run Behavior\ReadHtmlCacheBehavior [ RunTime:0.000000s ]
INFO: [ app_begin ] --END-- [ RunTime:0.000000s ]
SQL: SELECT COUNT(*) as num FROM `savor_sysmenu` where menulevel='1'  order by id desc [ RunTime:0.0010s ]
SQL: select * from `savor_sysmenu` where menulevel='1'  order by id desc limit 0,500 [ RunTime:0.0020s ]
NOTIC: [8] Undefined variable: actionId D:\phpStudy\WWW\savor_admin\Application\Admin\Controller\BaseController.class.php 第 212 行.
SQL: INSERT INTO `savor_admin_log` (`userid`,`username`,`action`,`query_string`,`ipaddr`) VALUES ('1','Admin','Checkaccount/doaddCheckAccount','{\"id\":\"\",\"fee\":\"1\",\"starttime\":\"2017-06-06\",\"endtime\":\"2017-06-07\",\"rec_addr\":\"0\",\"rec_tel\":\"0\",\"rec_head\":\"0\",\"rec_taxnum\":\"0\",\"remark\":\"W3R232\",\"accountjson\":\"\",\"ajax\":\"1\"}','127.0.0.1') [ RunTime:0.0140s ]
NOTIC: [2] Missing argument 1 for Admin\Controller\BaseController::getNameByIp(), called in D:\phpStudy\WWW\savor_admin\Application\Admin\Controller\BaseController.class.php on line 16 and defined D:\phpStudy\WWW\savor_admin\Application\Admin\Controller\BaseController.class.php 第 262 行.
NOTIC: [8] Undefined variable: ip D:\phpStudy\WWW\savor_admin\Application\Admin\Controller\BaseController.class.php 第 265 行.
SQL: SELECT `id`,`name`,`bill_per`,`bill_tel` FROM `savor_hotel` WHERE `id` IN ('7','8','5600') AND `flag` = 0  [ RunTime:0.0010s ]
SQL: SELECT `hotel_id` FROM `savor_account_statement_detail` WHERE (  1=1 and cost_type=1 and fee_end >='2017-06-16' AND fee_start <='2017-06-20' and hotel_id in (7,8) )  [ RunTime:0.0010s ]
NOTIC: [8] Undefined index: state D:\phpStudy\WWW\savor_admin\Application\Admin\Controller\CheckaccountController.class.php 第 257 行.
NOTIC: [8] Undefined index: state D:\phpStudy\WWW\savor_admin\Application\Admin\Controller\CheckaccountController.class.php 第 257 行.
SQL: SELECT * FROM `savor_sysuser` WHERE id = '1' [ RunTime:0.0010s ]
SQL: INSERT INTO `savor_account_statement` (`fee_start`,`fee_end`,`cost_type`,`receipt_addrid`,`remark`,`create_time`,`update_time`,`count`,`operatorid`) VALUES ('2017-06-16','2017-06-20','1','0','W3R232','2017-06-20 18:02:14','2017-06-20 18:02:14','2','1') [ RunTime:0.0120s ]
SQL: SELECT COUNT(*) AS tp_count FROM `savor_account_statement_detail` WHERE `state` = 2 AND `hotel_id` = 5600 LIMIT 1   [ RunTime:0.0000s ]
SQL: INSERT INTO `savor_account_statement_detail` (`hotel_id`,`check_status`,`statement_id`,`money`,`state`,`err_msg`,`fee_start`,`fee_end`,`cost_type`,`create_time`,`update_time`) VALUES ('7','0','1','18','1','','2017-06-16','2017-06-20','1','2017-06-20 18:02:14','2017-06-20 18:02:14'),('8','0','1','20333','1','','2017-06-16','2017-06-20','1','2017-06-20 18:02:14','2017-06-20 18:02:14'),('5600','0','1','0','2','','2017-06-16','2017-06-20','1','2017-06-20 18:02:14','2017-06-20 18:02:14') [ RunTime:0.0110s ]
SQL: SELECT * FROM `savor_account_statement_detail` WHERE `statement_id` = '1'  [ RunTime:0.0010s ]
INFO: [ app_end ] --START--
INFO: Run Behavior\ShowPageTraceBehavior [ RunTime:0.001000s ]
INFO: [ app_end ] --END-- [ RunTime:0.001000s ]

[ 2017-06-20T18:02:21+08:00 ] 127.0.0.1 /admin/checkaccount/doaddCheckAccount
INFO: [ app_init ] --START--
INFO: Run Behavior\BuildLiteBehavior [ RunTime:0.000000s ]
INFO: [ app_init ] --END-- [ RunTime:0.000000s ]
INFO: [ app_begin ] --START--
INFO: Run Behavior\ReadHtmlCacheBehavior [ RunTime:0.000000s ]
INFO: [ app_begin ] --END-- [ RunTime:0.000000s ]
SQL: SELECT COUNT(*) as num FROM `savor_sysmenu` where menulevel='1'  order by id desc [ RunTime:0.0010s ]
SQL: select * from `savor_sysmenu` where menulevel='1'  order by id desc limit 0,500 [ RunTime:0.0020s ]
NOTIC: [8] Undefined variable: actionId D:\phpStudy\WWW\savor_admin\Application\Admin\Controller\BaseController.class.php 第 212 行.
SQL: INSERT INTO `savor_admin_log` (`userid`,`username`,`action`,`query_string`,`ipaddr`) VALUES ('1','Admin','Checkaccount/doaddCheckAccount','{\"id\":\"\",\"fee\":\"1\",\"starttime\":\"2017-06-06\",\"endtime\":\"2017-06-07\",\"rec_addr\":\"0\",\"rec_tel\":\"0\",\"rec_head\":\"0\",\"rec_taxnum\":\"0\",\"remark\":\"W3R232\",\"accountjson\":\"\",\"ajax\":\"1\"}','127.0.0.1') [ RunTime:0.0160s ]
NOTIC: [2] Missing argument 1 for Admin\Controller\BaseController::getNameByIp(), called in D:\phpStudy\WWW\savor_admin\Application\Admin\Controller\BaseController.class.php on line 16 and defined D:\phpStudy\WWW\savor_admin\Application\Admin\Controller\BaseController.class.php 第 262 行.
NOTIC: [8] Undefined variable: ip D:\phpStudy\WWW\savor_admin\Application\Admin\Controller\BaseController.class.php 第 265 行.
SQL: SELECT `id`,`name`,`bill_per`,`bill_tel` FROM `savor_hotel` WHERE `id` IN ('7','8','5600') AND `flag` = 0  [ RunTime:0.0010s ]
SQL: SELECT `hotel_id` FROM `savor_account_statement_detail` WHERE (  1=1 and cost_type=1 and fee_end >='2017-06-16' AND fee_start <='2017-06-20' and hotel_id in (7,8) )  [ RunTime:0.0010s ]
NOTIC: [8] Undefined index: state D:\phpStudy\WWW\savor_admin\Application\Admin\Controller\CheckaccountController.class.php 第 257 行.
NOTIC: [8] Undefined index: state D:\phpStudy\WWW\savor_admin\Application\Admin\Controller\CheckaccountController.class.php 第 257 行.
SQL: SELECT * FROM `savor_sysuser` WHERE id = '1' [ RunTime:0.0010s ]
SQL: INSERT INTO `savor_account_statement` (`fee_start`,`fee_end`,`cost_type`,`receipt_addrid`,`remark`,`create_time`,`update_time`,`count`,`operatorid`) VALUES ('2017-06-16','2017-06-20','1','0','W3R232','2017-06-20 18:02:21','2017-06-20 18:02:21','2','1') [ RunTime:0.0140s ]
SQL: SELECT COUNT(*) AS tp_count FROM `savor_account_statement_detail` WHERE `state` = 2 AND `hotel_id` = 5600 LIMIT 1   [ RunTime:0.0010s ]
SQL: INSERT INTO `savor_account_statement_detail` (`hotel_id`,`check_status`,`statement_id`,`money`,`state`,`err_msg`,`fee_start`,`fee_end`,`cost_type`,`create_time`,`update_time`) VALUES ('7','0','1','18','1','','2017-06-16','2017-06-20','1','2017-06-20 18:02:21','2017-06-20 18:02:21'),('8','0','1','20333','1','','2017-06-16','2017-06-20','1','2017-06-20 18:02:21','2017-06-20 18:02:21'),('5600','0','1','0','2','','2017-06-16','2017-06-20','1','2017-06-20 18:02:21','2017-06-20 18:02:21') [ RunTime:0.0150s ]
SQL: SELECT * FROM `savor_account_statement_detail` WHERE `statement_id` = '1'  [ RunTime:0.0010s ]
INFO: [ app_end ] --START--
INFO: Run Behavior\ShowPageTraceBehavior [ RunTime:0.001000s ]
INFO: [ app_end ] --END-- [ RunTime:0.001000s ]

